1658210207368	geckodriver	INFO	Listening on 127.0.0.1:60534
1658210210375	mozrunner::runner	INFO	Running command: "C:\\Program Files\\Mozilla Firefox\\firefox.exe" "--marionette" "-no-remote" "-profile" "C:\\Users\\tengf\\AppData\\Local\\Temp\\rust_mozprofiler7o1iv"
1658210210670	Marionette	INFO	Marionette enabled
1658210210675	Marionette	INFO	Listening on port 60546
Read port: 60546
1658210210746	RemoteAgent	WARN	TLS certificate errors will be ignored for this session
console.warn: SearchSettings: "get: No settings file exists, new profile?" (new NotFoundError("Could not open the file at C:\\Users\\tengf\\AppData\\Local\\Temp\\rust_mozprofiler7o1iv\\search.json.mozlz4", (void 0)))
JavaScript error: , line 0: uncaught exception: undefined
JavaScript warning: https://pagead2.googlesyndication.com/bg/PBLy2ghsJAjz8SVbRXt3mPeTz3f3ksFMZv27m_PD6qM.js line 2 > eval line 2416 > eval line 1 > eval line 1 > eval, line 1: WEBGL_debug_renderer_info is deprecated in Firefox and will be removed. Please use RENDERER.
JavaScript error: https://assets.a-mo.net/js/cframe.js#gdpr=0&gdpr_consent=&cc=US, line 1: Error: NO
JavaScript error: https://assets.a-mo.net/js/cframe.js#gdpr=0&gdpr_consent=&cc=US, line 1: Error: NO
JavaScript error: https://assets.a-mo.net/js/cframe.js#gdpr=0&gdpr_consent=&cc=US, line 1: Error: NO
JavaScript warning: https://pagead2.googlesyndication.com/bg/PBLy2ghsJAjz8SVbRXt3mPeTz3f3ksFMZv27m_PD6qM.js line 2 > eval line 4942 > eval line 1 > eval line 1 > eval, line 1: WEBGL_debug_renderer_info is deprecated in Firefox and will be removed. Please use RENDERER.
JavaScript warning: https://pagead2.googlesyndication.com/bg/PBLy2ghsJAjz8SVbRXt3mPeTz3f3ksFMZv27m_PD6qM.js line 2 > eval line 3127 > eval line 1 > eval line 1 > eval, line 1: WEBGL_debug_renderer_info is deprecated in Firefox and will be removed. Please use RENDERER.
JavaScript warning: https://pagead2.googlesyndication.com/bg/PBLy2ghsJAjz8SVbRXt3mPeTz3f3ksFMZv27m_PD6qM.js line 2 > eval line 7132 > eval line 1 > eval line 1 > eval, line 1: WEBGL_debug_renderer_info is deprecated in Firefox and will be removed. Please use RENDERER.
JavaScript warning: https://z.moatads.com/omdpepsidcm167625936439/moatad.js#moatClientLevel1=27786031&moatClientLevel2=5296888&moatClientLevel3=338626642&moatClientLevel4=172838347&zMoatG=ct=US&st=CA&city=13992&dma=197&zp=94708&bw=4&zMoatADV=8010330, line 246: WEBGL_debug_renderer_info is deprecated in Firefox and will be removed. Please use RENDERER.
JavaScript warning: https://pagead2.googlesyndication.com/bg/PBLy2ghsJAjz8SVbRXt3mPeTz3f3ksFMZv27m_PD6qM.js line 2 > eval line 2982 > eval line 1 > eval line 1 > eval, line 1: WEBGL_debug_renderer_info is deprecated in Firefox and will be removed. Please use RENDERER.
JavaScript warning: https://pagead2.googlesyndication.com/bg/PBLy2ghsJAjz8SVbRXt3mPeTz3f3ksFMZv27m_PD6qM.js line 2 > eval line 3435 > eval line 1 > eval line 1 > eval, line 1: WEBGL_debug_renderer_info is deprecated in Firefox and will be removed. Please use RENDERER.
JavaScript warning: https://pagead2.googlesyndication.com/bg/PBLy2ghsJAjz8SVbRXt3mPeTz3f3ksFMZv27m_PD6qM.js line 2 > eval line 4399 > eval line 1 > eval line 1 > eval, line 1: WEBGL_debug_renderer_info is deprecated in Firefox and will be removed. Please use RENDERER.
JavaScript warning: https://pagead2.googlesyndication.com/bg/PBLy2ghsJAjz8SVbRXt3mPeTz3f3ksFMZv27m_PD6qM.js line 2 > eval line 2608 > eval line 1 > eval line 1 > eval, line 1: WEBGL_debug_renderer_info is deprecated in Firefox and will be removed. Please use RENDERER.
JavaScript warning: https://pagead2.googlesyndication.com/bg/PBLy2ghsJAjz8SVbRXt3mPeTz3f3ksFMZv27m_PD6qM.js line 2 > eval line 5774 > eval line 1 > eval line 1 > eval, line 1: WEBGL_debug_renderer_info is deprecated in Firefox and will be removed. Please use RENDERER.
JavaScript warning: https://pagead2.googlesyndication.com/bg/PBLy2ghsJAjz8SVbRXt3mPeTz3f3ksFMZv27m_PD6qM.js line 2 > eval line 1856 > eval line 1 > eval line 1 > eval, line 1: WEBGL_debug_renderer_info is deprecated in Firefox and will be removed. Please use RENDERER.
JavaScript error: https://assets.a-mo.net/js/cframe.js#gdpr=0&gdpr_consent=&cc=US, line 1: Error: NO
JavaScript error: , line 0: TypeError: NetworkError when attempting to fetch resource.
JavaScript error: , line 0: TypeError: NetworkError when attempting to fetch resource.
JavaScript warning: https://pagead2.googlesyndication.com/bg/PBLy2ghsJAjz8SVbRXt3mPeTz3f3ksFMZv27m_PD6qM.js line 2 > eval line 7322 > eval line 1 > eval line 1 > eval, line 1: WEBGL_debug_renderer_info is deprecated in Firefox and will be removed. Please use RENDERER.
JavaScript error: , line 0: TypeError: NetworkError when attempting to fetch resource.
JavaScript error: , line 0: TypeError: NetworkError when attempting to fetch resource.
JavaScript error: , line 0: TypeError: NetworkError when attempting to fetch resource.
JavaScript error: , line 0: TypeError: NetworkError when attempting to fetch resource.
JavaScript error: , line 0: TypeError: NetworkError when attempting to fetch resource.
JavaScript error: , line 0: TypeError: NetworkError when attempting to fetch resource.
JavaScript error: , line 0: TypeError: NetworkError when attempting to fetch resource.
JavaScript error: , line 0: TypeError: NetworkError when attempting to fetch resource.
JavaScript error: , line 0: TypeError: NetworkError when attempting to fetch resource.
JavaScript error: , line 0: TypeError: NetworkError when attempting to fetch resource.
JavaScript error: , line 0: TypeError: NetworkError when attempting to fetch resource.
JavaScript error: , line 0: TypeError: NetworkError when attempting to fetch resource.
JavaScript warning: https://cdn.js7k.com/rq/iv/inside-20.js, line 1: WEBGL_debug_renderer_info is deprecated in Firefox and will be removed. Please use RENDERER.
JavaScript error: , line 0: TypeError: NetworkError when attempting to fetch resource.
JavaScript error: , line 0: TypeError: NetworkError when attempting to fetch resource.
[Parent 24892, IPC I/O Parent] WARNING: file /builds/worker/checkouts/gecko/ipc/chromium/src/base/process_util_win.cc:167
JavaScript error: , line 0: TypeError: NetworkError when attempting to fetch resource.
JavaScript error: , line 0: TypeError: NetworkError when attempting to fetch resource.
JavaScript error: , line 0: TypeError: NetworkError when attempting to fetch resource.
[Parent 24892, IPC I/O Parent] WARNING: file /builds/worker/checkouts/gecko/ipc/chromium/src/base/process_util_win.cc:167
[Parent 24892, IPC I/O Parent] WARNING: file /builds/worker/checkouts/gecko/ipc/chromium/src/base/process_util_win.cc:167
JavaScript warning: https://pagead2.googlesyndication.com/bg/PBLy2ghsJAjz8SVbRXt3mPeTz3f3ksFMZv27m_PD6qM.js line 2 > eval line 723 > eval line 1 > eval line 1 > eval, line 1: WEBGL_debug_renderer_info is deprecated in Firefox and will be removed. Please use RENDERER.
JavaScript warning: https://pagead2.googlesyndication.com/bg/PBLy2ghsJAjz8SVbRXt3mPeTz3f3ksFMZv27m_PD6qM.js line 2 > eval line 3238 > eval line 1 > eval line 1 > eval, line 1: WEBGL_debug_renderer_info is deprecated in Firefox and will be removed. Please use RENDERER.
JavaScript warning: https://pagead2.googlesyndication.com/bg/PBLy2ghsJAjz8SVbRXt3mPeTz3f3ksFMZv27m_PD6qM.js line 2 > eval line 4372 > eval line 1 > eval line 1 > eval, line 1: WEBGL_debug_renderer_info is deprecated in Firefox and will be removed. Please use RENDERER.
JavaScript warning: https://pagead2.googlesyndication.com/bg/PBLy2ghsJAjz8SVbRXt3mPeTz3f3ksFMZv27m_PD6qM.js line 2 > eval line 6823 > eval line 1 > eval line 1 > eval, line 1: WEBGL_debug_renderer_info is deprecated in Firefox and will be removed. Please use RENDERER.
JavaScript warning: https://pagead2.googlesyndication.com/bg/PBLy2ghsJAjz8SVbRXt3mPeTz3f3ksFMZv27m_PD6qM.js line 2 > eval line 2224 > eval line 1 > eval line 1 > eval, line 1: WEBGL_debug_renderer_info is deprecated in Firefox and will be removed. Please use RENDERER.
JavaScript warning: https://pagead2.googlesyndication.com/bg/PBLy2ghsJAjz8SVbRXt3mPeTz3f3ksFMZv27m_PD6qM.js line 2 > eval line 7340 > eval line 1 > eval line 1 > eval, line 1: WEBGL_debug_renderer_info is deprecated in Firefox and will be removed. Please use RENDERER.
JavaScript warning: https://pagead2.googlesyndication.com/bg/PBLy2ghsJAjz8SVbRXt3mPeTz3f3ksFMZv27m_PD6qM.js line 2 > eval line 7048 > eval line 1 > eval line 1 > eval, line 1: WEBGL_debug_renderer_info is deprecated in Firefox and will be removed. Please use RENDERER.
JavaScript warning: https://pagead2.googlesyndication.com/bg/PBLy2ghsJAjz8SVbRXt3mPeTz3f3ksFMZv27m_PD6qM.js line 2 > eval line 6332 > eval line 1 > eval line 1 > eval, line 1: WEBGL_debug_renderer_info is deprecated in Firefox and will be removed. Please use RENDERER.
JavaScript warning: https://pagead2.googlesyndication.com/bg/PBLy2ghsJAjz8SVbRXt3mPeTz3f3ksFMZv27m_PD6qM.js line 2 > eval line 1723 > eval line 1 > eval line 1 > eval, line 1: WEBGL_debug_renderer_info is deprecated in Firefox and will be removed. Please use RENDERER.
JavaScript warning: https://pagead2.googlesyndication.com/bg/PBLy2ghsJAjz8SVbRXt3mPeTz3f3ksFMZv27m_PD6qM.js line 2 > eval line 5327 > eval line 1 > eval line 1 > eval, line 1: WEBGL_debug_renderer_info is deprecated in Firefox and will be removed. Please use RENDERER.
JavaScript warning: https://pagead2.googlesyndication.com/bg/PBLy2ghsJAjz8SVbRXt3mPeTz3f3ksFMZv27m_PD6qM.js line 2 > eval line 5663 > eval line 1 > eval line 1 > eval, line 1: WEBGL_debug_renderer_info is deprecated in Firefox and will be removed. Please use RENDERER.
JavaScript warning: https://pagead2.googlesyndication.com/bg/PBLy2ghsJAjz8SVbRXt3mPeTz3f3ksFMZv27m_PD6qM.js line 2 > eval line 842 > eval line 1 > eval line 1 > eval, line 1: WEBGL_debug_renderer_info is deprecated in Firefox and will be removed. Please use RENDERER.
JavaScript warning: https://pagead2.googlesyndication.com/bg/PBLy2ghsJAjz8SVbRXt3mPeTz3f3ksFMZv27m_PD6qM.js line 2 > eval line 1401 > eval line 1 > eval line 1 > eval, line 1: WEBGL_debug_renderer_info is deprecated in Firefox and will be removed. Please use RENDERER.
JavaScript warning: https://pagead2.googlesyndication.com/bg/PBLy2ghsJAjz8SVbRXt3mPeTz3f3ksFMZv27m_PD6qM.js line 2 > eval line 7705 > eval line 1 > eval line 1 > eval, line 1: WEBGL_debug_renderer_info is deprecated in Firefox and will be removed. Please use RENDERER.
JavaScript warning: https://pagead2.googlesyndication.com/bg/PBLy2ghsJAjz8SVbRXt3mPeTz3f3ksFMZv27m_PD6qM.js line 2 > eval line 3986 > eval line 1 > eval line 1 > eval, line 1: WEBGL_debug_renderer_info is deprecated in Firefox and will be removed. Please use RENDERER.
JavaScript warning: https://s0.2mdn.net/sadbundle/2761445836180160512/main.js, line 6: unreachable code after return statement
JavaScript warning: https://pagead2.googlesyndication.com/bg/PBLy2ghsJAjz8SVbRXt3mPeTz3f3ksFMZv27m_PD6qM.js line 2 > eval line 7527 > eval line 1 > eval line 1 > eval, line 1: WEBGL_debug_renderer_info is deprecated in Firefox and will be removed. Please use RENDERER.
JavaScript warning: https://pagead2.googlesyndication.com/bg/PBLy2ghsJAjz8SVbRXt3mPeTz3f3ksFMZv27m_PD6qM.js line 2 > eval line 357 > eval line 1 > eval line 1 > eval, line 1: WEBGL_debug_renderer_info is deprecated in Firefox and will be removed. Please use RENDERER.
JavaScript error: , line 0: uncaught exception: 7
JavaScript warning: https://pagead2.googlesyndication.com/bg/PBLy2ghsJAjz8SVbRXt3mPeTz3f3ksFMZv27m_PD6qM.js line 2 > eval line 4674 > eval line 1 > eval line 1 > eval, line 1: WEBGL_debug_renderer_info is deprecated in Firefox and will be removed. Please use RENDERER.
JavaScript warning: https://pagead2.googlesyndication.com/bg/PBLy2ghsJAjz8SVbRXt3mPeTz3f3ksFMZv27m_PD6qM.js line 2 > eval line 247 > eval line 1 > eval line 1 > eval, line 1: WEBGL_debug_renderer_info is deprecated in Firefox and will be removed. Please use RENDERER.
JavaScript warning: https://pagead2.googlesyndication.com/bg/PBLy2ghsJAjz8SVbRXt3mPeTz3f3ksFMZv27m_PD6qM.js line 2 > eval line 1005 > eval line 1 > eval line 1 > eval, line 1: WEBGL_debug_renderer_info is deprecated in Firefox and will be removed. Please use RENDERER.
JavaScript error: https://assets.a-mo.net/js/cframe.js#gdpr=0&gdpr_consent=&cc=US, line 1: Error: NO
JavaScript error: https://assets.a-mo.net/js/cframe.js#gdpr=0&gdpr_consent=&cc=US, line 1: Error: NO
JavaScript error: https://assets.a-mo.net/js/cframe.js#gdpr=0&gdpr_consent=&cc=US, line 1: Error: NO
JavaScript error: https://assets.a-mo.net/js/cframe.js#gdpr=0&gdpr_consent=&cc=US, line 1: Error: NO
JavaScript error: https://assets.a-mo.net/js/cframe.js#gdpr=0&gdpr_consent=&cc=US, line 1: Error: NO
JavaScript warning: https://pagead2.googlesyndication.com/bg/PBLy2ghsJAjz8SVbRXt3mPeTz3f3ksFMZv27m_PD6qM.js line 2 > eval line 7111 > eval line 1 > eval line 1 > eval, line 1: WEBGL_debug_renderer_info is deprecated in Firefox and will be removed. Please use RENDERER.
JavaScript error: , line 0: TypeError: NetworkError when attempting to fetch resource.
JavaScript warning: https://cdn.js7k.com/ix/talon-1.0.40.js, line 1: WEBGL_debug_renderer_info is deprecated in Firefox and will be removed. Please use RENDERER.
JavaScript error: , line 0: TypeError: NetworkError when attempting to fetch resource.
JavaScript warning: https://pagead2.googlesyndication.com/bg/PBLy2ghsJAjz8SVbRXt3mPeTz3f3ksFMZv27m_PD6qM.js line 2 > eval line 6718 > eval line 1 > eval line 1 > eval, line 1: WEBGL_debug_renderer_info is deprecated in Firefox and will be removed. Please use RENDERER.
JavaScript error: , line 0: uncaught exception: 7
JavaScript error: , line 0: TypeError: NetworkError when attempting to fetch resource.
JavaScript error: , line 0: TypeError: NetworkError when attempting to fetch resource.
JavaScript error: , line 0: TypeError: NetworkError when attempting to fetch resource.
JavaScript error: , line 0: TypeError: NetworkError when attempting to fetch resource.
JavaScript error: , line 0: TypeError: NetworkError when attempting to fetch resource.
JavaScript error: , line 0: TypeError: NetworkError when attempting to fetch resource.
JavaScript error: , line 0: TypeError: NetworkError when attempting to fetch resource.
JavaScript error: , line 0: TypeError: NetworkError when attempting to fetch resource.
JavaScript error: , line 0: TypeError: NetworkError when attempting to fetch resource.
JavaScript error: , line 0: TypeError: NetworkError when attempting to fetch resource.
JavaScript error: , line 0: TypeError: NetworkError when attempting to fetch resource.
JavaScript error: https://pxdrop.lijit.com/a/t_.htm?ver=1.1004.493&cid=c026, line 1: SyntaxError: JSON.parse: expected ':' after property name in object at line 1 column 6 of the JSON data
JavaScript error: https://pxdrop.lijit.com/a/t_.htm?ver=1.1004.493&cid=c026, line 1: SyntaxError: JSON.parse: expected ':' after property name in object at line 1 column 6 of the JSON data
JavaScript error: https://pxdrop.lijit.com/a/t_.htm?ver=1.1004.493&cid=c026, line 1: SyntaxError: JSON.parse: expected ':' after property name in object at line 1 column 6 of the JSON data
JavaScript error: https://pxdrop.lijit.com/a/t_.htm?ver=1.1004.493&cid=c026, line 1: SyntaxError: JSON.parse: expected ':' after property name in object at line 1 column 6 of the JSON data
JavaScript error: https://pxdrop.lijit.com/a/t_.htm?ver=1.1004.493&cid=c026, line 1: SyntaxError: JSON.parse: expected ':' after property name in object at line 1 column 6 of the JSON data
JavaScript error: https://pxdrop.lijit.com/a/t_.htm?ver=1.1004.493&cid=c026, line 1: SyntaxError: JSON.parse: expected ':' after property name in object at line 1 column 6 of the JSON data
JavaScript error: https://pxdrop.lijit.com/a/t_.htm?ver=1.1004.493&cid=c026, line 1: SyntaxError: JSON.parse: expected ':' after property name in object at line 1 column 6 of the JSON data
JavaScript error: https://pxdrop.lijit.com/a/t_.htm?ver=1.1004.493&cid=c026, line 1: SyntaxError: JSON.parse: expected ':' after property name in object at line 1 column 6 of the JSON data
JavaScript error: https://pxdrop.lijit.com/a/t_.htm?ver=1.1004.493&cid=c026, line 1: SyntaxError: JSON.parse: expected ':' after property name in object at line 1 column 6 of the JSON data
JavaScript error: https://pxdrop.lijit.com/a/t_.htm?ver=1.1004.493&cid=c026, line 1: SyntaxError: JSON.parse: expected ':' after property name in object at line 1 column 6 of the JSON data
JavaScript error: https://pxdrop.lijit.com/a/t_.htm?ver=1.1004.493&cid=c026, line 1: SyntaxError: JSON.parse: expected ':' after property name in object at line 1 column 6 of the JSON data
JavaScript error: https://pxdrop.lijit.com/a/t_.htm?ver=1.1004.493&cid=c026, line 1: SyntaxError: JSON.parse: expected ':' after property name in object at line 1 column 6 of the JSON data
JavaScript error: https://pxdrop.lijit.com/a/t_.htm?ver=1.1004.493&cid=c026, line 1: SyntaxError: JSON.parse: expected ':' after property name in object at line 1 column 6 of the JSON data
JavaScript error: https://pxdrop.lijit.com/a/t_.htm?ver=1.1004.493&cid=c026, line 1: SyntaxError: JSON.parse: expected ':' after property name in object at line 1 column 6 of the JSON data
JavaScript error: https://pxdrop.lijit.com/a/t_.htm?ver=1.1004.493&cid=c026, line 1: SyntaxError: JSON.parse: expected ':' after property name in object at line 1 column 6 of the JSON data
JavaScript error: https://pxdrop.lijit.com/a/t_.htm?ver=1.1004.493&cid=c026, line 1: SyntaxError: JSON.parse: expected ':' after property name in object at line 1 column 6 of the JSON data
JavaScript error: https://pxdrop.lijit.com/a/t_.htm?ver=1.1004.493&cid=c026, line 1: SyntaxError: JSON.parse: expected ':' after property name in object at line 1 column 6 of the JSON data
JavaScript error: https://pxdrop.lijit.com/a/t_.htm?ver=1.1004.493&cid=c026, line 1: SyntaxError: JSON.parse: expected ':' after property name in object at line 1 column 6 of the JSON data
JavaScript error: https://pxdrop.lijit.com/a/t_.htm?ver=1.1004.493&cid=c026, line 1: SyntaxError: JSON.parse: expected ':' after property name in object at line 1 column 6 of the JSON data
JavaScript error: https://pxdrop.lijit.com/a/t_.htm?ver=1.1004.493&cid=c026, line 1: SyntaxError: JSON.parse: expected ':' after property name in object at line 1 column 6 of the JSON data
JavaScript error: https://pxdrop.lijit.com/a/t_.htm?ver=1.1004.493&cid=c026, line 1: SyntaxError: JSON.parse: expected ':' after property name in object at line 1 column 6 of the JSON data
JavaScript error: https://pxdrop.lijit.com/a/t_.htm?ver=1.1004.493&cid=c026, line 1: SyntaxError: JSON.parse: expected ':' after property name in object at line 1 column 6 of the JSON data
JavaScript error: https://pxdrop.lijit.com/a/t_.htm?ver=1.1004.493&cid=c026, line 1: SyntaxError: JSON.parse: expected ':' after property name in object at line 1 column 6 of the JSON data
JavaScript error: https://pxdrop.lijit.com/a/t_.htm?ver=1.1004.493&cid=c026, line 1: SyntaxError: JSON.parse: expected ':' after property name in object at line 1 column 6 of the JSON data
JavaScript error: https://pxdrop.lijit.com/a/t_.htm?ver=1.1004.493&cid=c026, line 1: SyntaxError: JSON.parse: expected ':' after property name in object at line 1 column 6 of the JSON data
[Parent 24892, IPC I/O Parent] WARNING: file /builds/worker/checkouts/gecko/ipc/chromium/src/base/process_util_win.cc:167
JavaScript error: https://pxdrop.lijit.com/a/t_.htm?ver=1.1004.493&cid=c026, line 1: SyntaxError: JSON.parse: expected ':' after property name in object at line 1 column 6 of the JSON data
JavaScript error: https://pxdrop.lijit.com/a/t_.htm?ver=1.1004.493&cid=c026, line 1: SyntaxError: JSON.parse: expected ':' after property name in object at line 1 column 6 of the JSON data
JavaScript error: https://pxdrop.lijit.com/a/t_.htm?ver=1.1004.493&cid=c026, line 1: SyntaxError: JSON.parse: expected ':' after property name in object at line 1 column 6 of the JSON data
JavaScript error: https://pxdrop.lijit.com/a/t_.htm?ver=1.1004.493&cid=c026, line 1: SyntaxError: JSON.parse: expected ':' after property name in object at line 1 column 6 of the JSON data
JavaScript error: https://pxdrop.lijit.com/a/t_.htm?ver=1.1004.493&cid=c026, line 1: SyntaxError: JSON.parse: expected ':' after property name in object at line 1 column 6 of the JSON data
JavaScript error: https://pxdrop.lijit.com/a/t_.htm?ver=1.1004.493&cid=c026, line 1: SyntaxError: JSON.parse: expected ':' after property name in object at line 1 column 6 of the JSON data
JavaScript error: https://pxdrop.lijit.com/a/t_.htm?ver=1.1004.493&cid=c026, line 1: SyntaxError: JSON.parse: expected ':' after property name in object at line 1 column 6 of the JSON data
JavaScript error: https://pxdrop.lijit.com/a/t_.htm?ver=1.1004.493&cid=c026, line 1: SyntaxError: JSON.parse: expected ':' after property name in object at line 1 column 6 of the JSON data
JavaScript error: https://pxdrop.lijit.com/a/t_.htm?ver=1.1004.493&cid=c026, line 1: SyntaxError: JSON.parse: expected ':' after property name in object at line 1 column 6 of the JSON data
JavaScript error: https://pxdrop.lijit.com/a/t_.htm?ver=1.1004.493&cid=c026, line 1: SyntaxError: JSON.parse: expected ':' after property name in object at line 1 column 6 of the JSON data
JavaScript error: https://pxdrop.lijit.com/a/t_.htm?ver=1.1004.493&cid=c026, line 1: SyntaxError: JSON.parse: expected ':' after property name in object at line 1 column 6 of the JSON data
JavaScript error: https://pxdrop.lijit.com/a/t_.htm?ver=1.1004.493&cid=c026, line 1: SyntaxError: JSON.parse: expected ':' after property name in object at line 1 column 6 of the JSON data
JavaScript error: https://pxdrop.lijit.com/a/t_.htm?ver=1.1004.493&cid=c026, line 1: SyntaxError: JSON.parse: expected ':' after property name in object at line 1 column 6 of the JSON data
JavaScript error: https://pxdrop.lijit.com/a/t_.htm?ver=1.1004.493&cid=c026, line 1: SyntaxError: JSON.parse: expected ':' after property name in object at line 1 column 6 of the JSON data
JavaScript error: https://pxdrop.lijit.com/a/t_.htm?ver=1.1004.493&cid=c026, line 1: SyntaxError: JSON.parse: expected ':' after property name in object at line 1 column 6 of the JSON data
JavaScript error: https://pxdrop.lijit.com/a/t_.htm?ver=1.1004.493&cid=c026, line 1: SyntaxError: JSON.parse: expected ':' after property name in object at line 1 column 6 of the JSON data
JavaScript error: https://pxdrop.lijit.com/a/t_.htm?ver=1.1004.493&cid=c026, line 1: SyntaxError: JSON.parse: expected ':' after property name in object at line 1 column 6 of the JSON data
JavaScript error: https://pxdrop.lijit.com/a/t_.htm?ver=1.1004.493&cid=c026, line 1: SyntaxError: JSON.parse: expected ':' after property name in object at line 1 column 6 of the JSON data
JavaScript error: https://pxdrop.lijit.com/a/t_.htm?ver=1.1004.493&cid=c026, line 1: SyntaxError: JSON.parse: expected ':' after property name in object at line 1 column 6 of the JSON data
JavaScript error: https://pxdrop.lijit.com/a/t_.htm?ver=1.1004.493&cid=c026, line 1: SyntaxError: JSON.parse: expected ':' after property name in object at line 1 column 6 of the JSON data
JavaScript error: https://pxdrop.lijit.com/a/t_.htm?ver=1.1004.493&cid=c026, line 1: SyntaxError: JSON.parse: expected ':' after property name in object at line 1 column 6 of the JSON data
JavaScript error: https://pxdrop.lijit.com/a/t_.htm?ver=1.1004.493&cid=c026, line 1: SyntaxError: JSON.parse: expected ':' after property name in object at line 1 column 6 of the JSON data
JavaScript error: https://pxdrop.lijit.com/a/t_.htm?ver=1.1004.493&cid=c026, line 1: SyntaxError: JSON.parse: expected ':' after property name in object at line 1 column 6 of the JSON data
JavaScript error: https://pxdrop.lijit.com/a/t_.htm?ver=1.1004.493&cid=c026, line 1: SyntaxError: JSON.parse: expected ':' after property name in object at line 1 column 6 of the JSON data
JavaScript error: https://pxdrop.lijit.com/a/t_.htm?ver=1.1004.493&cid=c026, line 1: SyntaxError: JSON.parse: expected ':' after property name in object at line 1 column 6 of the JSON data
JavaScript error: https://pxdrop.lijit.com/a/t_.htm?ver=1.1004.493&cid=c026, line 1: SyntaxError: JSON.parse: expected ':' after property name in object at line 1 column 6 of the JSON data
JavaScript error: https://pxdrop.lijit.com/a/t_.htm?ver=1.1004.493&cid=c026, line 1: SyntaxError: JSON.parse: expected ':' after property name in object at line 1 column 6 of the JSON data
JavaScript error: https://pxdrop.lijit.com/a/t_.htm?ver=1.1004.493&cid=c026, line 1: SyntaxError: JSON.parse: expected ':' after property name in object at line 1 column 6 of the JSON data
JavaScript error: https://pxdrop.lijit.com/a/t_.htm?ver=1.1004.493&cid=c026, line 1: SyntaxError: JSON.parse: expected ':' after property name in object at line 1 column 6 of the JSON data
JavaScript error: https://pxdrop.lijit.com/a/t_.htm?ver=1.1004.493&cid=c026, line 1: SyntaxError: JSON.parse: expected ':' after property name in object at line 1 column 6 of the JSON data
JavaScript error: https://pxdrop.lijit.com/a/t_.htm?ver=1.1004.493&cid=c026, line 1: SyntaxError: JSON.parse: expected ':' after property name in object at line 1 column 6 of the JSON data
JavaScript error: https://pxdrop.lijit.com/a/t_.htm?ver=1.1004.493&cid=c026, line 1: SyntaxError: JSON.parse: expected ':' after property name in object at line 1 column 6 of the JSON data
JavaScript error: https://pxdrop.lijit.com/a/t_.htm?ver=1.1004.493&cid=c026, line 1: SyntaxError: JSON.parse: expected ':' after property name in object at line 1 column 6 of the JSON data
JavaScript error: https://pxdrop.lijit.com/a/t_.htm?ver=1.1004.493&cid=c026, line 1: SyntaxError: JSON.parse: expected ':' after property name in object at line 1 column 6 of the JSON data
JavaScript error: https://pxdrop.lijit.com/a/t_.htm?ver=1.1004.493&cid=c026, line 1: SyntaxError: JSON.parse: expected ':' after property name in object at line 1 column 6 of the JSON data
JavaScript error: https://pxdrop.lijit.com/a/t_.htm?ver=1.1004.493&cid=c026, line 1: SyntaxError: JSON.parse: expected ':' after property name in object at line 1 column 6 of the JSON data
JavaScript error: https://pxdrop.lijit.com/a/t_.htm?ver=1.1004.493&cid=c026, line 1: SyntaxError: JSON.parse: expected ':' after property name in object at line 1 column 6 of the JSON data
JavaScript error: https://pxdrop.lijit.com/a/t_.htm?ver=1.1004.493&cid=c026, line 1: SyntaxError: JSON.parse: expected ':' after property name in object at line 1 column 6 of the JSON data
JavaScript error: https://pxdrop.lijit.com/a/t_.htm?ver=1.1004.493&cid=c026, line 1: SyntaxError: JSON.parse: expected ':' after property name in object at line 1 column 6 of the JSON data
JavaScript error: https://pxdrop.lijit.com/a/t_.htm?ver=1.1004.493&cid=c026, line 1: SyntaxError: JSON.parse: expected ':' after property name in object at line 1 column 6 of the JSON data
JavaScript error: https://pxdrop.lijit.com/a/t_.htm?ver=1.1004.493&cid=c026, line 1: SyntaxError: JSON.parse: expected ':' after property name in object at line 1 column 6 of the JSON data
JavaScript error: https://pxdrop.lijit.com/a/t_.htm?ver=1.1004.493&cid=c026, line 1: SyntaxError: JSON.parse: expected ':' after property name in object at line 1 column 6 of the JSON data
JavaScript error: https://pxdrop.lijit.com/a/t_.htm?ver=1.1004.493&cid=c026, line 1: SyntaxError: JSON.parse: expected ':' after property name in object at line 1 column 6 of the JSON data
JavaScript error: https://pxdrop.lijit.com/a/t_.htm?ver=1.1004.493&cid=c026, line 1: SyntaxError: JSON.parse: expected ':' after property name in object at line 1 column 6 of the JSON data
JavaScript error: https://pxdrop.lijit.com/a/t_.htm?ver=1.1004.493&cid=c026, line 1: SyntaxError: JSON.parse: expected ':' after property name in object at line 1 column 6 of the JSON data
JavaScript error: https://pxdrop.lijit.com/a/t_.htm?ver=1.1004.493&cid=c026, line 1: SyntaxError: JSON.parse: expected ':' after property name in object at line 1 column 6 of the JSON data
JavaScript error: https://pxdrop.lijit.com/a/t_.htm?ver=1.1004.493&cid=c026, line 1: SyntaxError: JSON.parse: expected ':' after property name in object at line 1 column 6 of the JSON data
JavaScript error: https://pxdrop.lijit.com/a/t_.htm?ver=1.1004.493&cid=c026, line 1: SyntaxError: JSON.parse: expected ':' after property name in object at line 1 column 6 of the JSON data
JavaScript error: https://pxdrop.lijit.com/a/t_.htm?ver=1.1004.493&cid=c026, line 1: SyntaxError: JSON.parse: expected ':' after property name in object at line 1 column 6 of the JSON data
JavaScript error: https://pxdrop.lijit.com/a/t_.htm?ver=1.1004.493&cid=c026, line 1: SyntaxError: JSON.parse: expected ':' after property name in object at line 1 column 6 of the JSON data
JavaScript error: https://pxdrop.lijit.com/a/t_.htm?ver=1.1004.493&cid=c026, line 1: SyntaxError: JSON.parse: expected ':' after property name in object at line 1 column 6 of the JSON data
JavaScript error: https://pxdrop.lijit.com/a/t_.htm?ver=1.1004.493&cid=c026, line 1: SyntaxError: JSON.parse: expected ':' after property name in object at line 1 column 6 of the JSON data
JavaScript error: https://pxdrop.lijit.com/a/t_.htm?ver=1.1004.493&cid=c026, line 1: SyntaxError: JSON.parse: expected ':' after property name in object at line 1 column 6 of the JSON data
JavaScript error: https://pxdrop.lijit.com/a/t_.htm?ver=1.1004.493&cid=c026, line 1: SyntaxError: JSON.parse: expected ':' after property name in object at line 1 column 6 of the JSON data
JavaScript error: https://pxdrop.lijit.com/a/t_.htm?ver=1.1004.493&cid=c026, line 1: SyntaxError: JSON.parse: expected ':' after property name in object at line 1 column 6 of the JSON data
JavaScript error: https://pxdrop.lijit.com/a/t_.htm?ver=1.1004.493&cid=c026, line 1: SyntaxError: JSON.parse: expected ':' after property name in object at line 1 column 6 of the JSON data
JavaScript error: https://pxdrop.lijit.com/a/t_.htm?ver=1.1004.493&cid=c026, line 1: SyntaxError: JSON.parse: expected ':' after property name in object at line 1 column 6 of the JSON data
JavaScript error: https://pxdrop.lijit.com/a/t_.htm?ver=1.1004.493&cid=c026, line 1: SyntaxError: JSON.parse: expected ':' after property name in object at line 1 column 6 of the JSON data
JavaScript error: https://pxdrop.lijit.com/a/t_.htm?ver=1.1004.493&cid=c026, line 1: SyntaxError: JSON.parse: expected ':' after property name in object at line 1 column 6 of the JSON data
JavaScript error: https://pxdrop.lijit.com/a/t_.htm?ver=1.1004.493&cid=c026, line 1: SyntaxError: JSON.parse: expected ':' after property name in object at line 1 column 6 of the JSON data
JavaScript error: https://pxdrop.lijit.com/a/t_.htm?ver=1.1004.493&cid=c026, line 1: SyntaxError: JSON.parse: expected ':' after property name in object at line 1 column 6 of the JSON data
JavaScript error: https://pxdrop.lijit.com/a/t_.htm?ver=1.1004.493&cid=c026, line 1: SyntaxError: JSON.parse: expected ':' after property name in object at line 1 column 6 of the JSON data
JavaScript error: https://pxdrop.lijit.com/a/t_.htm?ver=1.1004.493&cid=c026, line 1: SyntaxError: JSON.parse: expected ':' after property name in object at line 1 column 6 of the JSON data
JavaScript error: https://pxdrop.lijit.com/a/t_.htm?ver=1.1004.493&cid=c026, line 1: SyntaxError: JSON.parse: expected ':' after property name in object at line 1 column 6 of the JSON data
JavaScript error: https://pxdrop.lijit.com/a/t_.htm?ver=1.1004.493&cid=c026, line 1: SyntaxError: JSON.parse: expected ':' after property name in object at line 1 column 6 of the JSON data
JavaScript error: https://pxdrop.lijit.com/a/t_.htm?ver=1.1004.493&cid=c026, line 1: SyntaxError: JSON.parse: expected ':' after property name in object at line 1 column 6 of the JSON data
JavaScript warning: https://z.moatads.com/yahoovpaidtwoint215831825037/moatvideo.js#_moatApi2666608, line 252: WEBGL_debug_renderer_info is deprecated in Firefox and will be removed. Please use RENDERER.
JavaScript error: https://pxdrop.lijit.com/a/t_.htm?ver=1.1004.493&cid=c026, line 1: SyntaxError: JSON.parse: expected ':' after property name in object at line 1 column 6 of the JSON data
JavaScript error: https://pxdrop.lijit.com/a/t_.htm?ver=1.1004.493&cid=c026, line 1: SyntaxError: JSON.parse: expected ':' after property name in object at line 1 column 6 of the JSON data
JavaScript error: https://pxdrop.lijit.com/a/t_.htm?ver=1.1004.493&cid=c026, line 1: SyntaxError: JSON.parse: expected ':' after property name in object at line 1 column 6 of the JSON data
JavaScript error: https://pxdrop.lijit.com/a/t_.htm?ver=1.1004.493&cid=c026, line 1: SyntaxError: JSON.parse: expected ':' after property name in object at line 1 column 6 of the JSON data
JavaScript error: https://pxdrop.lijit.com/a/t_.htm?ver=1.1004.493&cid=c026, line 1: SyntaxError: JSON.parse: expected ':' after property name in object at line 1 column 6 of the JSON data
JavaScript error: https://pxdrop.lijit.com/a/t_.htm?ver=1.1004.493&cid=c026, line 1: SyntaxError: JSON.parse: expected ':' after property name in object at line 1 column 6 of the JSON data
JavaScript error: https://pxdrop.lijit.com/a/t_.htm?ver=1.1004.493&cid=c026, line 1: SyntaxError: JSON.parse: expected ':' after property name in object at line 1 column 6 of the JSON data
JavaScript error: https://pxdrop.lijit.com/a/t_.htm?ver=1.1004.493&cid=c026, line 1: SyntaxError: JSON.parse: expected ':' after property name in object at line 1 column 6 of the JSON data
JavaScript error: https://pxdrop.lijit.com/a/t_.htm?ver=1.1004.493&cid=c026, line 1: SyntaxError: JSON.parse: expected ':' after property name in object at line 1 column 6 of the JSON data
JavaScript error: https://pxdrop.lijit.com/a/t_.htm?ver=1.1004.493&cid=c026, line 1: SyntaxError: JSON.parse: expected ':' after property name in object at line 1 column 6 of the JSON data
JavaScript error: https://pxdrop.lijit.com/a/t_.htm?ver=1.1004.493&cid=c026, line 1: SyntaxError: JSON.parse: expected ':' after property name in object at line 1 column 6 of the JSON data
JavaScript error: https://pxdrop.lijit.com/a/t_.htm?ver=1.1004.493&cid=c026, line 1: SyntaxError: JSON.parse: expected ':' after property name in object at line 1 column 6 of the JSON data
JavaScript error: https://pxdrop.lijit.com/a/t_.htm?ver=1.1004.493&cid=c026, line 1: SyntaxError: JSON.parse: expected ':' after property name in object at line 1 column 6 of the JSON data
JavaScript error: https://pxdrop.lijit.com/a/t_.htm?ver=1.1004.493&cid=c026, line 1: SyntaxError: JSON.parse: expected ':' after property name in object at line 1 column 6 of the JSON data
JavaScript error: https://pxdrop.lijit.com/a/t_.htm?ver=1.1004.493&cid=c026, line 1: SyntaxError: JSON.parse: expected ':' after property name in object at line 1 column 6 of the JSON data
JavaScript error: https://pxdrop.lijit.com/a/t_.htm?ver=1.1004.493&cid=c026, line 1: SyntaxError: JSON.parse: expected ':' after property name in object at line 1 column 6 of the JSON data
JavaScript error: https://pxdrop.lijit.com/a/t_.htm?ver=1.1004.493&cid=c026, line 1: SyntaxError: JSON.parse: expected ':' after property name in object at line 1 column 6 of the JSON data
JavaScript error: https://pxdrop.lijit.com/a/t_.htm?ver=1.1004.493&cid=c026, line 1: SyntaxError: JSON.parse: expected ':' after property name in object at line 1 column 6 of the JSON data
JavaScript error: https://pxdrop.lijit.com/a/t_.htm?ver=1.1004.493&cid=c026, line 1: SyntaxError: JSON.parse: expected ':' after property name in object at line 1 column 6 of the JSON data
JavaScript error: https://pxdrop.lijit.com/a/t_.htm?ver=1.1004.493&cid=c026, line 1: SyntaxError: JSON.parse: expected ':' after property name in object at line 1 column 6 of the JSON data
JavaScript error: https://pxdrop.lijit.com/a/t_.htm?ver=1.1004.493&cid=c026, line 1: SyntaxError: JSON.parse: expected ':' after property name in object at line 1 column 6 of the JSON data
JavaScript error: https://pxdrop.lijit.com/a/t_.htm?ver=1.1004.493&cid=c026, line 1: SyntaxError: JSON.parse: expected ':' after property name in object at line 1 column 6 of the JSON data
JavaScript error: https://pxdrop.lijit.com/a/t_.htm?ver=1.1004.493&cid=c026, line 1: SyntaxError: JSON.parse: expected ':' after property name in object at line 1 column 6 of the JSON data
JavaScript error: https://pxdrop.lijit.com/a/t_.htm?ver=1.1004.493&cid=c026, line 1: SyntaxError: JSON.parse: expected ':' after property name in object at line 1 column 6 of the JSON data
JavaScript error: https://pxdrop.lijit.com/a/t_.htm?ver=1.1004.493&cid=c026, line 1: SyntaxError: JSON.parse: expected ':' after property name in object at line 1 column 6 of the JSON data
JavaScript error: https://pxdrop.lijit.com/a/t_.htm?ver=1.1004.493&cid=c026, line 1: SyntaxError: JSON.parse: expected ':' after property name in object at line 1 column 6 of the JSON data
JavaScript error: https://pxdrop.lijit.com/a/t_.htm?ver=1.1004.493&cid=c026, line 1: SyntaxError: JSON.parse: expected ':' after property name in object at line 1 column 6 of the JSON data
JavaScript error: https://pxdrop.lijit.com/a/t_.htm?ver=1.1004.493&cid=c026, line 1: SyntaxError: JSON.parse: expected ':' after property name in object at line 1 column 6 of the JSON data
JavaScript error: https://pxdrop.lijit.com/a/t_.htm?ver=1.1004.493&cid=c026, line 1: SyntaxError: JSON.parse: expected ':' after property name in object at line 1 column 6 of the JSON data
JavaScript error: https://pxdrop.lijit.com/a/t_.htm?ver=1.1004.493&cid=c026, line 1: SyntaxError: JSON.parse: expected ':' after property name in object at line 1 column 6 of the JSON data
JavaScript error: https://pxdrop.lijit.com/a/t_.htm?ver=1.1004.493&cid=c026, line 1: SyntaxError: JSON.parse: expected ':' after property name in object at line 1 column 6 of the JSON data
JavaScript error: https://pxdrop.lijit.com/a/t_.htm?ver=1.1004.493&cid=c026, line 1: SyntaxError: JSON.parse: expected ':' after property name in object at line 1 column 6 of the JSON data
JavaScript error: https://pxdrop.lijit.com/a/t_.htm?ver=1.1004.493&cid=c026, line 1: SyntaxError: JSON.parse: expected ':' after property name in object at line 1 column 6 of the JSON data
JavaScript error: https://pxdrop.lijit.com/a/t_.htm?ver=1.1004.493&cid=c026, line 1: SyntaxError: JSON.parse: expected ':' after property name in object at line 1 column 6 of the JSON data
JavaScript error: https://pxdrop.lijit.com/a/t_.htm?ver=1.1004.493&cid=c026, line 1: SyntaxError: JSON.parse: expected ':' after property name in object at line 1 column 6 of the JSON data
JavaScript error: https://pxdrop.lijit.com/a/t_.htm?ver=1.1004.493&cid=c026, line 1: SyntaxError: JSON.parse: expected ':' after property name in object at line 1 column 6 of the JSON data
JavaScript error: https://pxdrop.lijit.com/a/t_.htm?ver=1.1004.493&cid=c026, line 1: SyntaxError: JSON.parse: expected ':' after property name in object at line 1 column 6 of the JSON data
JavaScript error: https://pxdrop.lijit.com/a/t_.htm?ver=1.1004.493&cid=c026, line 1: SyntaxError: JSON.parse: expected ':' after property name in object at line 1 column 6 of the JSON data
JavaScript error: https://pxdrop.lijit.com/a/t_.htm?ver=1.1004.493&cid=c026, line 1: SyntaxError: JSON.parse: expected ':' after property name in object at line 1 column 6 of the JSON data
JavaScript error: https://pxdrop.lijit.com/a/t_.htm?ver=1.1004.493&cid=c026, line 1: SyntaxError: JSON.parse: expected ':' after property name in object at line 1 column 6 of the JSON data
JavaScript error: https://pxdrop.lijit.com/a/t_.htm?ver=1.1004.493&cid=c026, line 1: SyntaxError: JSON.parse: expected ':' after property name in object at line 1 column 6 of the JSON data
JavaScript error: https://pxdrop.lijit.com/a/t_.htm?ver=1.1004.493&cid=c026, line 1: SyntaxError: JSON.parse: expected ':' after property name in object at line 1 column 6 of the JSON data
JavaScript error: https://pxdrop.lijit.com/a/t_.htm?ver=1.1004.493&cid=c026, line 1: SyntaxError: JSON.parse: expected ':' after property name in object at line 1 column 6 of the JSON data
JavaScript error: https://pxdrop.lijit.com/a/t_.htm?ver=1.1004.493&cid=c026, line 1: SyntaxError: JSON.parse: expected ':' after property name in object at line 1 column 6 of the JSON data
JavaScript error: https://pxdrop.lijit.com/a/t_.htm?ver=1.1004.493&cid=c026, line 1: SyntaxError: JSON.parse: expected ':' after property name in object at line 1 column 6 of the JSON data
JavaScript error: https://pxdrop.lijit.com/a/t_.htm?ver=1.1004.493&cid=c026, line 1: SyntaxError: JSON.parse: expected ':' after property name in object at line 1 column 6 of the JSON data
JavaScript error: https://pxdrop.lijit.com/a/t_.htm?ver=1.1004.493&cid=c026, line 1: SyntaxError: JSON.parse: expected ':' after property name in object at line 1 column 6 of the JSON data
JavaScript error: https://pxdrop.lijit.com/a/t_.htm?ver=1.1004.493&cid=c026, line 1: SyntaxError: JSON.parse: expected ':' after property name in object at line 1 column 6 of the JSON data
JavaScript error: https://pxdrop.lijit.com/a/t_.htm?ver=1.1004.493&cid=c026, line 1: SyntaxError: JSON.parse: expected ':' after property name in object at line 1 column 6 of the JSON data
JavaScript error: https://pxdrop.lijit.com/a/t_.htm?ver=1.1004.493&cid=c026, line 1: SyntaxError: JSON.parse: expected ':' after property name in object at line 1 column 6 of the JSON data
JavaScript error: https://pxdrop.lijit.com/a/t_.htm?ver=1.1004.493&cid=c026, line 1: SyntaxError: JSON.parse: expected ':' after property name in object at line 1 column 6 of the JSON data
JavaScript error: https://pxdrop.lijit.com/a/t_.htm?ver=1.1004.493&cid=c026, line 1: SyntaxError: JSON.parse: expected ':' after property name in object at line 1 column 6 of the JSON data
JavaScript error: https://pxdrop.lijit.com/a/t_.htm?ver=1.1004.493&cid=c026, line 1: SyntaxError: JSON.parse: expected ':' after property name in object at line 1 column 6 of the JSON data
JavaScript error: https://pxdrop.lijit.com/a/t_.htm?ver=1.1004.493&cid=c026, line 1: SyntaxError: JSON.parse: expected ':' after property name in object at line 1 column 6 of the JSON data
JavaScript error: https://pxdrop.lijit.com/a/t_.htm?ver=1.1004.493&cid=c026, line 1: SyntaxError: JSON.parse: expected ':' after property name in object at line 1 column 6 of the JSON data
JavaScript error: https://pxdrop.lijit.com/a/t_.htm?ver=1.1004.493&cid=c026, line 1: SyntaxError: JSON.parse: expected ':' after property name in object at line 1 column 6 of the JSON data
JavaScript error: https://pxdrop.lijit.com/a/t_.htm?ver=1.1004.493&cid=c026, line 1: SyntaxError: JSON.parse: expected ':' after property name in object at line 1 column 6 of the JSON data
JavaScript error: https://pxdrop.lijit.com/a/t_.htm?ver=1.1004.493&cid=c026, line 1: SyntaxError: JSON.parse: expected ':' after property name in object at line 1 column 6 of the JSON data
JavaScript error: https://pxdrop.lijit.com/a/t_.htm?ver=1.1004.493&cid=c026, line 1: SyntaxError: JSON.parse: expected ':' after property name in object at line 1 column 6 of the JSON data
JavaScript error: https://pxdrop.lijit.com/a/t_.htm?ver=1.1004.493&cid=c026, line 1: SyntaxError: JSON.parse: expected ':' after property name in object at line 1 column 6 of the JSON data
JavaScript error: https://pxdrop.lijit.com/a/t_.htm?ver=1.1004.493&cid=c026, line 1: SyntaxError: JSON.parse: expected ':' after property name in object at line 1 column 6 of the JSON data
JavaScript error: https://pxdrop.lijit.com/a/t_.htm?ver=1.1004.493&cid=c026, line 1: SyntaxError: JSON.parse: expected ':' after property name in object at line 1 column 6 of the JSON data
JavaScript error: https://pxdrop.lijit.com/a/t_.htm?ver=1.1004.493&cid=c026, line 1: SyntaxError: JSON.parse: expected ':' after property name in object at line 1 column 6 of the JSON data
JavaScript error: https://pxdrop.lijit.com/a/t_.htm?ver=1.1004.493&cid=c026, line 1: SyntaxError: JSON.parse: expected ':' after property name in object at line 1 column 6 of the JSON data
JavaScript error: https://pxdrop.lijit.com/a/t_.htm?ver=1.1004.493&cid=c026, line 1: SyntaxError: JSON.parse: expected ':' after property name in object at line 1 column 6 of the JSON data
JavaScript error: https://pxdrop.lijit.com/a/t_.htm?ver=1.1004.493&cid=c026, line 1: SyntaxError: JSON.parse: expected ':' after property name in object at line 1 column 6 of the JSON data
JavaScript error: https://pxdrop.lijit.com/a/t_.htm?ver=1.1004.493&cid=c026, line 1: SyntaxError: JSON.parse: expected ':' after property name in object at line 1 column 6 of the JSON data
JavaScript error: https://pxdrop.lijit.com/a/t_.htm?ver=1.1004.493&cid=c026, line 1: SyntaxError: JSON.parse: expected ':' after property name in object at line 1 column 6 of the JSON data
JavaScript error: https://pxdrop.lijit.com/a/t_.htm?ver=1.1004.493&cid=c026, line 1: SyntaxError: JSON.parse: expected ':' after property name in object at line 1 column 6 of the JSON data
JavaScript error: https://pxdrop.lijit.com/a/t_.htm?ver=1.1004.493&cid=c026, line 1: SyntaxError: JSON.parse: expected ':' after property name in object at line 1 column 6 of the JSON data
JavaScript error: https://pxdrop.lijit.com/a/t_.htm?ver=1.1004.493&cid=c026, line 1: SyntaxError: JSON.parse: expected ':' after property name in object at line 1 column 6 of the JSON data
JavaScript error: https://pxdrop.lijit.com/a/t_.htm?ver=1.1004.493&cid=c026, line 1: SyntaxError: JSON.parse: expected ':' after property name in object at line 1 column 6 of the JSON data
JavaScript error: https://pxdrop.lijit.com/a/t_.htm?ver=1.1004.493&cid=c026, line 1: SyntaxError: JSON.parse: expected ':' after property name in object at line 1 column 6 of the JSON data
JavaScript error: https://pxdrop.lijit.com/a/t_.htm?ver=1.1004.493&cid=c026, line 1: SyntaxError: JSON.parse: expected ':' after property name in object at line 1 column 6 of the JSON data
JavaScript error: https://pxdrop.lijit.com/a/t_.htm?ver=1.1004.493&cid=c026, line 1: SyntaxError: JSON.parse: expected ':' after property name in object at line 1 column 6 of the JSON data
JavaScript error: https://pxdrop.lijit.com/a/t_.htm?ver=1.1004.493&cid=c026, line 1: SyntaxError: JSON.parse: expected ':' after property name in object at line 1 column 6 of the JSON data
JavaScript error: https://pxdrop.lijit.com/a/t_.htm?ver=1.1004.493&cid=c026, line 1: SyntaxError: JSON.parse: expected ':' after property name in object at line 1 column 6 of the JSON data
JavaScript error: https://pxdrop.lijit.com/a/t_.htm?ver=1.1004.493&cid=c026, line 1: SyntaxError: JSON.parse: expected ':' after property name in object at line 1 column 6 of the JSON data
JavaScript error: https://pxdrop.lijit.com/a/t_.htm?ver=1.1004.493&cid=c026, line 1: SyntaxError: JSON.parse: expected ':' after property name in object at line 1 column 6 of the JSON data
JavaScript error: https://pxdrop.lijit.com/a/t_.htm?ver=1.1004.493&cid=c026, line 1: SyntaxError: JSON.parse: expected ':' after property name in object at line 1 column 6 of the JSON data
JavaScript error: https://pxdrop.lijit.com/a/t_.htm?ver=1.1004.493&cid=c026, line 1: SyntaxError: JSON.parse: expected ':' after property name in object at line 1 column 6 of the JSON data
JavaScript error: https://pxdrop.lijit.com/a/t_.htm?ver=1.1004.493&cid=c026, line 1: SyntaxError: JSON.parse: expected ':' after property name in object at line 1 column 6 of the JSON data
JavaScript error: https://pxdrop.lijit.com/a/t_.htm?ver=1.1004.493&cid=c026, line 1: SyntaxError: JSON.parse: expected ':' after property name in object at line 1 column 6 of the JSON data
JavaScript error: https://pxdrop.lijit.com/a/t_.htm?ver=1.1004.493&cid=c026, line 1: SyntaxError: JSON.parse: expected ':' after property name in object at line 1 column 6 of the JSON data
JavaScript error: https://pxdrop.lijit.com/a/t_.htm?ver=1.1004.493&cid=c026, line 1: SyntaxError: JSON.parse: expected ':' after property name in object at line 1 column 6 of the JSON data
JavaScript error: https://pxdrop.lijit.com/a/t_.htm?ver=1.1004.493&cid=c026, line 1: SyntaxError: JSON.parse: expected ':' after property name in object at line 1 column 6 of the JSON data
JavaScript error: https://pxdrop.lijit.com/a/t_.htm?ver=1.1004.493&cid=c026, line 1: SyntaxError: JSON.parse: expected ':' after property name in object at line 1 column 6 of the JSON data
JavaScript error: https://pxdrop.lijit.com/a/t_.htm?ver=1.1004.493&cid=c026, line 1: SyntaxError: JSON.parse: expected ':' after property name in object at line 1 column 6 of the JSON data
JavaScript error: https://pxdrop.lijit.com/a/t_.htm?ver=1.1004.493&cid=c026, line 1: SyntaxError: JSON.parse: expected ':' after property name in object at line 1 column 6 of the JSON data
JavaScript error: https://pxdrop.lijit.com/a/t_.htm?ver=1.1004.493&cid=c026, line 1: SyntaxError: JSON.parse: expected ':' after property name in object at line 1 column 6 of the JSON data
JavaScript error: https://pxdrop.lijit.com/a/t_.htm?ver=1.1004.493&cid=c026, line 1: SyntaxError: JSON.parse: expected ':' after property name in object at line 1 column 6 of the JSON data
JavaScript error: https://pxdrop.lijit.com/a/t_.htm?ver=1.1004.493&cid=c026, line 1: SyntaxError: JSON.parse: expected ':' after property name in object at line 1 column 6 of the JSON data
JavaScript error: https://pxdrop.lijit.com/a/t_.htm?ver=1.1004.493&cid=c026, line 1: SyntaxError: JSON.parse: expected ':' after property name in object at line 1 column 6 of the JSON data
JavaScript error: https://pxdrop.lijit.com/a/t_.htm?ver=1.1004.493&cid=c026, line 1: SyntaxError: JSON.parse: expected ':' after property name in object at line 1 column 6 of the JSON data
JavaScript error: https://pxdrop.lijit.com/a/t_.htm?ver=1.1004.493&cid=c026, line 1: SyntaxError: JSON.parse: expected ':' after property name in object at line 1 column 6 of the JSON data
JavaScript error: https://pxdrop.lijit.com/a/t_.htm?ver=1.1004.493&cid=c026, line 1: SyntaxError: JSON.parse: expected ':' after property name in object at line 1 column 6 of the JSON data
JavaScript error: https://pxdrop.lijit.com/a/t_.htm?ver=1.1004.493&cid=c026, line 1: SyntaxError: JSON.parse: expected ':' after property name in object at line 1 column 6 of the JSON data
JavaScript error: https://pxdrop.lijit.com/a/t_.htm?ver=1.1004.493&cid=c026, line 1: SyntaxError: JSON.parse: expected ':' after property name in object at line 1 column 6 of the JSON data
JavaScript error: https://pxdrop.lijit.com/a/t_.htm?ver=1.1004.493&cid=c026, line 1: SyntaxError: JSON.parse: expected ':' after property name in object at line 1 column 6 of the JSON data
JavaScript error: https://pxdrop.lijit.com/a/t_.htm?ver=1.1004.493&cid=c026, line 1: SyntaxError: JSON.parse: expected ':' after property name in object at line 1 column 6 of the JSON data
JavaScript error: https://pxdrop.lijit.com/a/t_.htm?ver=1.1004.493&cid=c026, line 1: SyntaxError: JSON.parse: expected ':' after property name in object at line 1 column 6 of the JSON data
JavaScript error: https://pxdrop.lijit.com/a/t_.htm?ver=1.1004.493&cid=c026, line 1: SyntaxError: JSON.parse: expected ':' after property name in object at line 1 column 6 of the JSON data
JavaScript error: https://pxdrop.lijit.com/a/t_.htm?ver=1.1004.493&cid=c026, line 1: SyntaxError: JSON.parse: expected ':' after property name in object at line 1 column 6 of the JSON data
JavaScript error: https://pxdrop.lijit.com/a/t_.htm?ver=1.1004.493&cid=c026, line 1: SyntaxError: JSON.parse: expected ':' after property name in object at line 1 column 6 of the JSON data
JavaScript error: https://pxdrop.lijit.com/a/t_.htm?ver=1.1004.493&cid=c026, line 1: SyntaxError: JSON.parse: expected ':' after property name in object at line 1 column 6 of the JSON data
JavaScript error: https://pxdrop.lijit.com/a/t_.htm?ver=1.1004.493&cid=c026, line 1: SyntaxError: JSON.parse: expected ':' after property name in object at line 1 column 6 of the JSON data
JavaScript error: https://pxdrop.lijit.com/a/t_.htm?ver=1.1004.493&cid=c026, line 1: SyntaxError: JSON.parse: expected ':' after property name in object at line 1 column 6 of the JSON data
JavaScript error: https://pxdrop.lijit.com/a/t_.htm?ver=1.1004.493&cid=c026, line 1: SyntaxError: JSON.parse: expected ':' after property name in object at line 1 column 6 of the JSON data
JavaScript error: https://pxdrop.lijit.com/a/t_.htm?ver=1.1004.493&cid=c026, line 1: SyntaxError: JSON.parse: expected ':' after property name in object at line 1 column 6 of the JSON data
1658210972186	Marionette	WARN	Ignoring event 'pageshow' because document has an invalid readyState of 'uninitialized'.
JavaScript error: https://pxdrop.lijit.com/a/t_.htm?ver=1.1004.493&cid=c026, line 1: SyntaxError: JSON.parse: expected ':' after property name in object at line 1 column 6 of the JSON data
JavaScript error: https://pxdrop.lijit.com/a/t_.htm?ver=1.1004.493&cid=c026, line 1: SyntaxError: JSON.parse: expected ':' after property name in object at line 1 column 6 of the JSON data
JavaScript error: https://pxdrop.lijit.com/a/t_.htm?ver=1.1004.493&cid=c026, line 1: SyntaxError: JSON.parse: expected ':' after property name in object at line 1 column 6 of the JSON data
JavaScript error: https://pxdrop.lijit.com/a/t_.htm?ver=1.1004.493&cid=c026, line 1: SyntaxError: JSON.parse: expected ':' after property name in object at line 1 column 6 of the JSON data
JavaScript error: https://pxdrop.lijit.com/a/t_.htm?ver=1.1004.493&cid=c026, line 1: SyntaxError: JSON.parse: expected ':' after property name in object at line 1 column 6 of the JSON data
JavaScript warning: https://cdn.js7k.com/ix/talon-1.0.40.js, line 1: WEBGL_debug_renderer_info is deprecated in Firefox and will be removed. Please use RENDERER.
JavaScript error: https://pxdrop.lijit.com/a/t_.htm?ver=1.1004.493&cid=c026, line 1: SyntaxError: JSON.parse: expected ':' after property name in object at line 1 column 6 of the JSON data
JavaScript error: https://pxdrop.lijit.com/a/t_.htm?ver=1.1004.493&cid=c026, line 1: SyntaxError: JSON.parse: expected ':' after property name in object at line 1 column 6 of the JSON data
JavaScript error: https://pxdrop.lijit.com/a/t_.htm?ver=1.1004.493&cid=c026, line 1: SyntaxError: JSON.parse: expected ':' after property name in object at line 1 column 6 of the JSON data
JavaScript error: https://pxdrop.lijit.com/a/t_.htm?ver=1.1004.493&cid=c026, line 1: SyntaxError: JSON.parse: expected ':' after property name in object at line 1 column 6 of the JSON data
JavaScript error: https://pxdrop.lijit.com/a/t_.htm?ver=1.1004.493&cid=c026, line 1: SyntaxError: JSON.parse: expected ':' after property name in object at line 1 column 6 of the JSON data
JavaScript error: https://pxdrop.lijit.com/a/t_.htm?ver=1.1004.493&cid=c026, line 1: SyntaxError: JSON.parse: expected ':' after property name in object at line 1 column 6 of the JSON data
JavaScript error: https://pxdrop.lijit.com/a/t_.htm?ver=1.1004.493&cid=c026, line 1: SyntaxError: JSON.parse: expected ':' after property name in object at line 1 column 6 of the JSON data
JavaScript error: https://pxdrop.lijit.com/a/t_.htm?ver=1.1004.493&cid=c026, line 1: SyntaxError: JSON.parse: expected ':' after property name in object at line 1 column 6 of the JSON data
JavaScript error: https://pxdrop.lijit.com/a/t_.htm?ver=1.1004.493&cid=c026, line 1: SyntaxError: JSON.parse: expected ':' after property name in object at line 1 column 6 of the JSON data
JavaScript error: https://pxdrop.lijit.com/a/t_.htm?ver=1.1004.493&cid=c026, line 1: SyntaxError: JSON.parse: expected ':' after property name in object at line 1 column 6 of the JSON data
JavaScript error: https://pxdrop.lijit.com/a/t_.htm?ver=1.1004.493&cid=c026, line 1: SyntaxError: JSON.parse: expected ':' after property name in object at line 1 column 6 of the JSON data
JavaScript error: https://pxdrop.lijit.com/a/t_.htm?ver=1.1004.493&cid=c026, line 1: SyntaxError: JSON.parse: expected ':' after property name in object at line 1 column 6 of the JSON data
JavaScript error: https://pxdrop.lijit.com/a/t_.htm?ver=1.1004.493&cid=c026, line 1: SyntaxError: JSON.parse: expected ':' after property name in object at line 1 column 6 of the JSON data
JavaScript error: https://pxdrop.lijit.com/a/t_.htm?ver=1.1004.493&cid=c026, line 1: SyntaxError: JSON.parse: expected ':' after property name in object at line 1 column 6 of the JSON data
JavaScript error: https://pxdrop.lijit.com/a/t_.htm?ver=1.1004.493&cid=c026, line 1: SyntaxError: JSON.parse: expected ':' after property name in object at line 1 column 6 of the JSON data
JavaScript error: https://pxdrop.lijit.com/a/t_.htm?ver=1.1004.493&cid=c026, line 1: SyntaxError: JSON.parse: expected ':' after property name in object at line 1 column 6 of the JSON data
JavaScript error: https://pxdrop.lijit.com/a/t_.htm?ver=1.1004.493&cid=c026, line 1: SyntaxError: JSON.parse: expected ':' after property name in object at line 1 column 6 of the JSON data
JavaScript error: https://pxdrop.lijit.com/a/t_.htm?ver=1.1004.493&cid=c026, line 1: SyntaxError: JSON.parse: expected ':' after property name in object at line 1 column 6 of the JSON data
JavaScript error: https://pxdrop.lijit.com/a/t_.htm?ver=1.1004.493&cid=c026, line 1: SyntaxError: JSON.parse: expected ':' after property name in object at line 1 column 6 of the JSON data
JavaScript error: https://pxdrop.lijit.com/a/t_.htm?ver=1.1004.493&cid=c026, line 1: SyntaxError: JSON.parse: expected ':' after property name in object at line 1 column 6 of the JSON data
JavaScript error: https://pxdrop.lijit.com/a/t_.htm?ver=1.1004.493&cid=c026, line 1: SyntaxError: JSON.parse: expected ':' after property name in object at line 1 column 6 of the JSON data
JavaScript error: https://pxdrop.lijit.com/a/t_.htm?ver=1.1004.493&cid=c026, line 1: SyntaxError: JSON.parse: expected ':' after property name in object at line 1 column 6 of the JSON data
JavaScript error: https://pxdrop.lijit.com/a/t_.htm?ver=1.1004.493&cid=c026, line 1: SyntaxError: JSON.parse: expected ':' after property name in object at line 1 column 6 of the JSON data
JavaScript error: https://pxdrop.lijit.com/a/t_.htm?ver=1.1004.493&cid=c026, line 1: SyntaxError: JSON.parse: expected ':' after property name in object at line 1 column 6 of the JSON data
JavaScript error: https://pxdrop.lijit.com/a/t_.htm?ver=1.1004.493&cid=c026, line 1: SyntaxError: JSON.parse: expected ':' after property name in object at line 1 column 6 of the JSON data
JavaScript error: https://pxdrop.lijit.com/a/t_.htm?ver=1.1004.493&cid=c026, line 1: SyntaxError: JSON.parse: expected ':' after property name in object at line 1 column 6 of the JSON data
JavaScript error: https://pxdrop.lijit.com/a/t_.htm?ver=1.1004.493&cid=c026, line 1: SyntaxError: JSON.parse: expected ':' after property name in object at line 1 column 6 of the JSON data
JavaScript error: https://pxdrop.lijit.com/a/t_.htm?ver=1.1004.493&cid=c026, line 1: SyntaxError: JSON.parse: expected ':' after property name in object at line 1 column 6 of the JSON data
JavaScript error: https://pxdrop.lijit.com/a/t_.htm?ver=1.1004.493&cid=c026, line 1: SyntaxError: JSON.parse: expected ':' after property name in object at line 1 column 6 of the JSON data
JavaScript error: https://pxdrop.lijit.com/a/t_.htm?ver=1.1004.493&cid=c026, line 1: SyntaxError: JSON.parse: expected ':' after property name in object at line 1 column 6 of the JSON data
JavaScript error: https://pxdrop.lijit.com/a/t_.htm?ver=1.1004.493&cid=c026, line 1: SyntaxError: JSON.parse: expected ':' after property name in object at line 1 column 6 of the JSON data
JavaScript error: https://pxdrop.lijit.com/a/t_.htm?ver=1.1004.493&cid=c026, line 1: SyntaxError: JSON.parse: expected ':' after property name in object at line 1 column 6 of the JSON data
JavaScript error: https://pxdrop.lijit.com/a/t_.htm?ver=1.1004.493&cid=c026, line 1: SyntaxError: JSON.parse: expected ':' after property name in object at line 1 column 6 of the JSON data
JavaScript error: https://pxdrop.lijit.com/a/t_.htm?ver=1.1004.493&cid=c026, line 1: SyntaxError: JSON.parse: expected ':' after property name in object at line 1 column 6 of the JSON data
JavaScript error: https://pxdrop.lijit.com/a/t_.htm?ver=1.1004.493&cid=c026, line 1: SyntaxError: JSON.parse: expected ':' after property name in object at line 1 column 6 of the JSON data
JavaScript error: https://pxdrop.lijit.com/a/t_.htm?ver=1.1004.493&cid=c026, line 1: SyntaxError: JSON.parse: expected ':' after property name in object at line 1 column 6 of the JSON data
JavaScript error: https://pxdrop.lijit.com/a/t_.htm?ver=1.1004.493&cid=c026, line 1: SyntaxError: JSON.parse: expected ':' after property name in object at line 1 column 6 of the JSON data
JavaScript error: https://pxdrop.lijit.com/a/t_.htm?ver=1.1004.493&cid=c026, line 1: SyntaxError: JSON.parse: expected ':' after property name in object at line 1 column 6 of the JSON data
JavaScript error: https://pxdrop.lijit.com/a/t_.htm?ver=1.1004.493&cid=c026, line 1: SyntaxError: JSON.parse: expected ':' after property name in object at line 1 column 6 of the JSON data
JavaScript error: https://pxdrop.lijit.com/a/t_.htm?ver=1.1004.493&cid=c026, line 1: SyntaxError: JSON.parse: expected ':' after property name in object at line 1 column 6 of the JSON data
JavaScript error: https://pxdrop.lijit.com/a/t_.htm?ver=1.1004.493&cid=c026, line 1: SyntaxError: JSON.parse: expected ':' after property name in object at line 1 column 6 of the JSON data
JavaScript error: https://pxdrop.lijit.com/a/t_.htm?ver=1.1004.493&cid=c026, line 1: SyntaxError: JSON.parse: expected ':' after property name in object at line 1 column 6 of the JSON data
JavaScript error: https://pxdrop.lijit.com/a/t_.htm?ver=1.1004.493&cid=c026, line 1: SyntaxError: JSON.parse: expected ':' after property name in object at line 1 column 6 of the JSON data
JavaScript error: https://pxdrop.lijit.com/a/t_.htm?ver=1.1004.493&cid=c026, line 1: SyntaxError: JSON.parse: expected ':' after property name in object at line 1 column 6 of the JSON data
JavaScript error: https://pxdrop.lijit.com/a/t_.htm?ver=1.1004.493&cid=c026, line 1: SyntaxError: JSON.parse: expected ':' after property name in object at line 1 column 6 of the JSON data
JavaScript error: https://pxdrop.lijit.com/a/t_.htm?ver=1.1004.493&cid=c026, line 1: SyntaxError: JSON.parse: expected ':' after property name in object at line 1 column 6 of the JSON data
JavaScript error: https://pxdrop.lijit.com/a/t_.htm?ver=1.1004.493&cid=c026, line 1: SyntaxError: JSON.parse: expected ':' after property name in object at line 1 column 6 of the JSON data
JavaScript error: https://pxdrop.lijit.com/a/t_.htm?ver=1.1004.493&cid=c026, line 1: SyntaxError: JSON.parse: expected ':' after property name in object at line 1 column 6 of the JSON data
JavaScript error: https://pxdrop.lijit.com/a/t_.htm?ver=1.1004.493&cid=c026, line 1: SyntaxError: JSON.parse: expected ':' after property name in object at line 1 column 6 of the JSON data
JavaScript error: https://pxdrop.lijit.com/a/t_.htm?ver=1.1004.493&cid=c026, line 1: SyntaxError: JSON.parse: expected ':' after property name in object at line 1 column 6 of the JSON data
JavaScript error: https://pxdrop.lijit.com/a/t_.htm?ver=1.1004.493&cid=c026, line 1: SyntaxError: JSON.parse: expected ':' after property name in object at line 1 column 6 of the JSON data
JavaScript error: https://pxdrop.lijit.com/a/t_.htm?ver=1.1004.493&cid=c026, line 1: SyntaxError: JSON.parse: expected ':' after property name in object at line 1 column 6 of the JSON data
JavaScript error: https://pxdrop.lijit.com/a/t_.htm?ver=1.1004.493&cid=c026, line 1: SyntaxError: JSON.parse: expected ':' after property name in object at line 1 column 6 of the JSON data
JavaScript error: https://pxdrop.lijit.com/a/t_.htm?ver=1.1004.493&cid=c026, line 1: SyntaxError: JSON.parse: expected ':' after property name in object at line 1 column 6 of the JSON data
JavaScript error: https://pxdrop.lijit.com/a/t_.htm?ver=1.1004.493&cid=c026, line 1: SyntaxError: JSON.parse: expected ':' after property name in object at line 1 column 6 of the JSON data
JavaScript error: https://pxdrop.lijit.com/a/t_.htm?ver=1.1004.493&cid=c026, line 1: SyntaxError: JSON.parse: expected ':' after property name in object at line 1 column 6 of the JSON data
JavaScript error: https://pxdrop.lijit.com/a/t_.htm?ver=1.1004.493&cid=c026, line 1: SyntaxError: JSON.parse: expected ':' after property name in object at line 1 column 6 of the JSON data
JavaScript error: https://pxdrop.lijit.com/a/t_.htm?ver=1.1004.493&cid=c026, line 1: SyntaxError: JSON.parse: expected ':' after property name in object at line 1 column 6 of the JSON data
JavaScript error: https://pxdrop.lijit.com/a/t_.htm?ver=1.1004.493&cid=c026, line 1: SyntaxError: JSON.parse: expected ':' after property name in object at line 1 column 6 of the JSON data
JavaScript error: https://pxdrop.lijit.com/a/t_.htm?ver=1.1004.493&cid=c026, line 1: SyntaxError: JSON.parse: expected ':' after property name in object at line 1 column 6 of the JSON data
JavaScript error: https://pxdrop.lijit.com/a/t_.htm?ver=1.1004.493&cid=c026, line 1: SyntaxError: JSON.parse: expected ':' after property name in object at line 1 column 6 of the JSON data
JavaScript error: https://pxdrop.lijit.com/a/t_.htm?ver=1.1004.493&cid=c026, line 1: SyntaxError: JSON.parse: expected ':' after property name in object at line 1 column 6 of the JSON data
JavaScript error: https://pxdrop.lijit.com/a/t_.htm?ver=1.1004.493&cid=c026, line 1: SyntaxError: JSON.parse: expected ':' after property name in object at line 1 column 6 of the JSON data
JavaScript error: https://pxdrop.lijit.com/a/t_.htm?ver=1.1004.493&cid=c026, line 1: SyntaxError: JSON.parse: expected ':' after property name in object at line 1 column 6 of the JSON data
JavaScript error: https://pxdrop.lijit.com/a/t_.htm?ver=1.1004.493&cid=c026, line 1: SyntaxError: JSON.parse: expected ':' after property name in object at line 1 column 6 of the JSON data
JavaScript error: https://pxdrop.lijit.com/a/t_.htm?ver=1.1004.493&cid=c026, line 1: SyntaxError: JSON.parse: expected ':' after property name in object at line 1 column 6 of the JSON data
JavaScript error: https://pxdrop.lijit.com/a/t_.htm?ver=1.1004.493&cid=c026, line 1: SyntaxError: JSON.parse: expected ':' after property name in object at line 1 column 6 of the JSON data
JavaScript error: https://pxdrop.lijit.com/a/t_.htm?ver=1.1004.493&cid=c026, line 1: SyntaxError: JSON.parse: expected ':' after property name in object at line 1 column 6 of the JSON data
JavaScript error: https://pxdrop.lijit.com/a/t_.htm?ver=1.1004.493&cid=c026, line 1: SyntaxError: JSON.parse: expected ':' after property name in object at line 1 column 6 of the JSON data
JavaScript error: https://pxdrop.lijit.com/a/t_.htm?ver=1.1004.493&cid=c026, line 1: SyntaxError: JSON.parse: expected ':' after property name in object at line 1 column 6 of the JSON data
JavaScript error: https://pxdrop.lijit.com/a/t_.htm?ver=1.1004.493&cid=c026, line 1: SyntaxError: JSON.parse: expected ':' after property name in object at line 1 column 6 of the JSON data
JavaScript error: https://pxdrop.lijit.com/a/t_.htm?ver=1.1004.493&cid=c026, line 1: SyntaxError: JSON.parse: expected ':' after property name in object at line 1 column 6 of the JSON data
JavaScript error: https://pxdrop.lijit.com/a/t_.htm?ver=1.1004.493&cid=c026, line 1: SyntaxError: JSON.parse: expected ':' after property name in object at line 1 column 6 of the JSON data
JavaScript error: https://pxdrop.lijit.com/a/t_.htm?ver=1.1004.493&cid=c026, line 1: SyntaxError: JSON.parse: expected ':' after property name in object at line 1 column 6 of the JSON data
JavaScript error: https://pxdrop.lijit.com/a/t_.htm?ver=1.1004.493&cid=c026, line 1: SyntaxError: JSON.parse: expected ':' after property name in object at line 1 column 6 of the JSON data
JavaScript error: https://pxdrop.lijit.com/a/t_.htm?ver=1.1004.493&cid=c026, line 1: SyntaxError: JSON.parse: expected ':' after property name in object at line 1 column 6 of the JSON data
JavaScript error: https://pxdrop.lijit.com/a/t_.htm?ver=1.1004.493&cid=c026, line 1: SyntaxError: JSON.parse: expected ':' after property name in object at line 1 column 6 of the JSON data
JavaScript error: https://pxdrop.lijit.com/a/t_.htm?ver=1.1004.493&cid=c026, line 1: SyntaxError: JSON.parse: expected ':' after property name in object at line 1 column 6 of the JSON data
JavaScript error: https://pxdrop.lijit.com/a/t_.htm?ver=1.1004.493&cid=c026, line 1: SyntaxError: JSON.parse: expected ':' after property name in object at line 1 column 6 of the JSON data
JavaScript error: https://pxdrop.lijit.com/a/t_.htm?ver=1.1004.493&cid=c026, line 1: SyntaxError: JSON.parse: expected ':' after property name in object at line 1 column 6 of the JSON data
JavaScript error: https://pxdrop.lijit.com/a/t_.htm?ver=1.1004.493&cid=c026, line 1: SyntaxError: JSON.parse: expected ':' after property name in object at line 1 column 6 of the JSON data
JavaScript error: https://pxdrop.lijit.com/a/t_.htm?ver=1.1004.493&cid=c026, line 1: SyntaxError: JSON.parse: expected ':' after property name in object at line 1 column 6 of the JSON data
JavaScript error: https://pxdrop.lijit.com/a/t_.htm?ver=1.1004.493&cid=c026, line 1: SyntaxError: JSON.parse: expected ':' after property name in object at line 1 column 6 of the JSON data
JavaScript error: https://pxdrop.lijit.com/a/t_.htm?ver=1.1004.493&cid=c026, line 1: SyntaxError: JSON.parse: expected ':' after property name in object at line 1 column 6 of the JSON data
JavaScript error: https://pxdrop.lijit.com/a/t_.htm?ver=1.1004.493&cid=c026, line 1: SyntaxError: JSON.parse: expected ':' after property name in object at line 1 column 6 of the JSON data
JavaScript error: https://pxdrop.lijit.com/a/t_.htm?ver=1.1004.493&cid=c026, line 1: SyntaxError: JSON.parse: expected ':' after property name in object at line 1 column 6 of the JSON data
JavaScript error: https://pxdrop.lijit.com/a/t_.htm?ver=1.1004.493&cid=c026, line 1: SyntaxError: JSON.parse: expected ':' after property name in object at line 1 column 6 of the JSON data
JavaScript error: https://pxdrop.lijit.com/a/t_.htm?ver=1.1004.493&cid=c026, line 1: SyntaxError: JSON.parse: expected ':' after property name in object at line 1 column 6 of the JSON data
JavaScript error: https://pxdrop.lijit.com/a/t_.htm?ver=1.1004.493&cid=c026, line 1: SyntaxError: JSON.parse: expected ':' after property name in object at line 1 column 6 of the JSON data
JavaScript error: https://pxdrop.lijit.com/a/t_.htm?ver=1.1004.493&cid=c026, line 1: SyntaxError: JSON.parse: expected ':' after property name in object at line 1 column 6 of the JSON data
JavaScript error: https://pxdrop.lijit.com/a/t_.htm?ver=1.1004.493&cid=c026, line 1: SyntaxError: JSON.parse: expected ':' after property name in object at line 1 column 6 of the JSON data
JavaScript error: https://pxdrop.lijit.com/a/t_.htm?ver=1.1004.493&cid=c026, line 1: SyntaxError: JSON.parse: expected ':' after property name in object at line 1 column 6 of the JSON data
JavaScript error: https://pxdrop.lijit.com/a/t_.htm?ver=1.1004.493&cid=c026, line 1: SyntaxError: JSON.parse: expected ':' after property name in object at line 1 column 6 of the JSON data
JavaScript error: https://pxdrop.lijit.com/a/t_.htm?ver=1.1004.493&cid=c026, line 1: SyntaxError: JSON.parse: expected ':' after property name in object at line 1 column 6 of the JSON data
JavaScript error: https://pxdrop.lijit.com/a/t_.htm?ver=1.1004.493&cid=c026, line 1: SyntaxError: JSON.parse: expected ':' after property name in object at line 1 column 6 of the JSON data
JavaScript error: https://pxdrop.lijit.com/a/t_.htm?ver=1.1004.493&cid=c026, line 1: SyntaxError: JSON.parse: expected ':' after property name in object at line 1 column 6 of the JSON data
JavaScript error: https://pxdrop.lijit.com/a/t_.htm?ver=1.1004.493&cid=c026, line 1: SyntaxError: JSON.parse: expected ':' after property name in object at line 1 column 6 of the JSON data
JavaScript error: https://pxdrop.lijit.com/a/t_.htm?ver=1.1004.493&cid=c026, line 1: SyntaxError: JSON.parse: expected ':' after property name in object at line 1 column 6 of the JSON data
JavaScript error: https://pxdrop.lijit.com/a/t_.htm?ver=1.1004.493&cid=c026, line 1: SyntaxError: JSON.parse: expected ':' after property name in object at line 1 column 6 of the JSON data
JavaScript error: https://pxdrop.lijit.com/a/t_.htm?ver=1.1004.493&cid=c026, line 1: SyntaxError: JSON.parse: expected ':' after property name in object at line 1 column 6 of the JSON data
JavaScript error: https://pxdrop.lijit.com/a/t_.htm?ver=1.1004.493&cid=c026, line 1: SyntaxError: JSON.parse: expected ':' after property name in object at line 1 column 6 of the JSON data
JavaScript error: https://pxdrop.lijit.com/a/t_.htm?ver=1.1004.493&cid=c026, line 1: SyntaxError: JSON.parse: expected ':' after property name in object at line 1 column 6 of the JSON data
JavaScript error: https://pxdrop.lijit.com/a/t_.htm?ver=1.1004.493&cid=c026, line 1: SyntaxError: JSON.parse: expected ':' after property name in object at line 1 column 6 of the JSON data
JavaScript error: https://pxdrop.lijit.com/a/t_.htm?ver=1.1004.493&cid=c026, line 1: SyntaxError: JSON.parse: expected ':' after property name in object at line 1 column 6 of the JSON data
JavaScript error: https://pxdrop.lijit.com/a/t_.htm?ver=1.1004.493&cid=c026, line 1: SyntaxError: JSON.parse: expected ':' after property name in object at line 1 column 6 of the JSON data
JavaScript error: https://pxdrop.lijit.com/a/t_.htm?ver=1.1004.493&cid=c026, line 1: SyntaxError: JSON.parse: expected ':' after property name in object at line 1 column 6 of the JSON data
JavaScript error: https://pxdrop.lijit.com/a/t_.htm?ver=1.1004.493&cid=c026, line 1: SyntaxError: JSON.parse: expected ':' after property name in object at line 1 column 6 of the JSON data
JavaScript error: https://pxdrop.lijit.com/a/t_.htm?ver=1.1004.493&cid=c026, line 1: SyntaxError: JSON.parse: expected ':' after property name in object at line 1 column 6 of the JSON data
JavaScript error: https://pxdrop.lijit.com/a/t_.htm?ver=1.1004.493&cid=c026, line 1: SyntaxError: JSON.parse: expected ':' after property name in object at line 1 column 6 of the JSON data
JavaScript error: https://pxdrop.lijit.com/a/t_.htm?ver=1.1004.493&cid=c026, line 1: SyntaxError: JSON.parse: expected ':' after property name in object at line 1 column 6 of the JSON data
JavaScript error: https://pxdrop.lijit.com/a/t_.htm?ver=1.1004.493&cid=c026, line 1: SyntaxError: JSON.parse: expected ':' after property name in object at line 1 column 6 of the JSON data
JavaScript error: https://pxdrop.lijit.com/a/t_.htm?ver=1.1004.493&cid=c026, line 1: SyntaxError: JSON.parse: expected ':' after property name in object at line 1 column 6 of the JSON data
JavaScript error: https://pxdrop.lijit.com/a/t_.htm?ver=1.1004.493&cid=c026, line 1: SyntaxError: JSON.parse: expected ':' after property name in object at line 1 column 6 of the JSON data
JavaScript error: https://pxdrop.lijit.com/a/t_.htm?ver=1.1004.493&cid=c026, line 1: SyntaxError: JSON.parse: expected ':' after property name in object at line 1 column 6 of the JSON data
JavaScript error: https://pxdrop.lijit.com/a/t_.htm?ver=1.1004.493&cid=c026, line 1: SyntaxError: JSON.parse: expected ':' after property name in object at line 1 column 6 of the JSON data
JavaScript error: https://pxdrop.lijit.com/a/t_.htm?ver=1.1004.493&cid=c026, line 1: SyntaxError: JSON.parse: expected ':' after property name in object at line 1 column 6 of the JSON data
JavaScript error: https://pxdrop.lijit.com/a/t_.htm?ver=1.1004.493&cid=c026, line 1: SyntaxError: JSON.parse: expected ':' after property name in object at line 1 column 6 of the JSON data
JavaScript error: https://pxdrop.lijit.com/a/t_.htm?ver=1.1004.493&cid=c026, line 1: SyntaxError: JSON.parse: expected ':' after property name in object at line 1 column 6 of the JSON data
JavaScript error: https://pxdrop.lijit.com/a/t_.htm?ver=1.1004.493&cid=c026, line 1: SyntaxError: JSON.parse: expected ':' after property name in object at line 1 column 6 of the JSON data
JavaScript error: https://pxdrop.lijit.com/a/t_.htm?ver=1.1004.493&cid=c026, line 1: SyntaxError: JSON.parse: expected ':' after property name in object at line 1 column 6 of the JSON data
JavaScript error: https://pxdrop.lijit.com/a/t_.htm?ver=1.1004.493&cid=c026, line 1: SyntaxError: JSON.parse: expected ':' after property name in object at line 1 column 6 of the JSON data
JavaScript error: https://pxdrop.lijit.com/a/t_.htm?ver=1.1004.493&cid=c026, line 1: SyntaxError: JSON.parse: expected ':' after property name in object at line 1 column 6 of the JSON data
JavaScript error: https://pxdrop.lijit.com/a/t_.htm?ver=1.1004.493&cid=c026, line 1: SyntaxError: JSON.parse: expected ':' after property name in object at line 1 column 6 of the JSON data
JavaScript error: https://pxdrop.lijit.com/a/t_.htm?ver=1.1004.493&cid=c026, line 1: SyntaxError: JSON.parse: expected ':' after property name in object at line 1 column 6 of the JSON data
JavaScript error: https://pxdrop.lijit.com/a/t_.htm?ver=1.1004.493&cid=c026, line 1: SyntaxError: JSON.parse: expected ':' after property name in object at line 1 column 6 of the JSON data
JavaScript error: https://pxdrop.lijit.com/a/t_.htm?ver=1.1004.493&cid=c026, line 1: SyntaxError: JSON.parse: expected ':' after property name in object at line 1 column 6 of the JSON data
JavaScript error: https://pxdrop.lijit.com/a/t_.htm?ver=1.1004.493&cid=c026, line 1: SyntaxError: JSON.parse: expected ':' after property name in object at line 1 column 6 of the JSON data
JavaScript error: https://pxdrop.lijit.com/a/t_.htm?ver=1.1004.493&cid=c026, line 1: SyntaxError: JSON.parse: expected ':' after property name in object at line 1 column 6 of the JSON data
JavaScript error: https://pxdrop.lijit.com/a/t_.htm?ver=1.1004.493&cid=c026, line 1: SyntaxError: JSON.parse: expected ':' after property name in object at line 1 column 6 of the JSON data
JavaScript error: https://pxdrop.lijit.com/a/t_.htm?ver=1.1004.493&cid=c026, line 1: SyntaxError: JSON.parse: expected ':' after property name in object at line 1 column 6 of the JSON data
JavaScript error: https://pxdrop.lijit.com/a/t_.htm?ver=1.1004.493&cid=c026, line 1: SyntaxError: JSON.parse: expected ':' after property name in object at line 1 column 6 of the JSON data
JavaScript error: https://pxdrop.lijit.com/a/t_.htm?ver=1.1004.493&cid=c026, line 1: SyntaxError: JSON.parse: expected ':' after property name in object at line 1 column 6 of the JSON data
JavaScript error: https://pxdrop.lijit.com/a/t_.htm?ver=1.1004.493&cid=c026, line 1: SyntaxError: JSON.parse: expected ':' after property name in object at line 1 column 6 of the JSON data
JavaScript error: https://pxdrop.lijit.com/a/t_.htm?ver=1.1004.493&cid=c026, line 1: SyntaxError: JSON.parse: expected ':' after property name in object at line 1 column 6 of the JSON data
JavaScript error: https://pxdrop.lijit.com/a/t_.htm?ver=1.1004.493&cid=c026, line 1: SyntaxError: JSON.parse: expected ':' after property name in object at line 1 column 6 of the JSON data
JavaScript error: https://pxdrop.lijit.com/a/t_.htm?ver=1.1004.493&cid=c026, line 1: SyntaxError: JSON.parse: expected ':' after property name in object at line 1 column 6 of the JSON data
JavaScript error: https://pxdrop.lijit.com/a/t_.htm?ver=1.1004.493&cid=c026, line 1: SyntaxError: JSON.parse: expected ':' after property name in object at line 1 column 6 of the JSON data
JavaScript error: https://pxdrop.lijit.com/a/t_.htm?ver=1.1004.493&cid=c026, line 1: SyntaxError: JSON.parse: expected ':' after property name in object at line 1 column 6 of the JSON data
JavaScript error: https://pxdrop.lijit.com/a/t_.htm?ver=1.1004.493&cid=c026, line 1: SyntaxError: JSON.parse: expected ':' after property name in object at line 1 column 6 of the JSON data
JavaScript error: https://pxdrop.lijit.com/a/t_.htm?ver=1.1004.493&cid=c026, line 1: SyntaxError: JSON.parse: expected ':' after property name in object at line 1 column 6 of the JSON data
JavaScript error: https://pxdrop.lijit.com/a/t_.htm?ver=1.1004.493&cid=c026, line 1: SyntaxError: JSON.parse: expected ':' after property name in object at line 1 column 6 of the JSON data
JavaScript error: https://pxdrop.lijit.com/a/t_.htm?ver=1.1004.493&cid=c026, line 1: SyntaxError: JSON.parse: expected ':' after property name in object at line 1 column 6 of the JSON data
JavaScript error: https://pxdrop.lijit.com/a/t_.htm?ver=1.1004.493&cid=c026, line 1: SyntaxError: JSON.parse: expected ':' after property name in object at line 1 column 6 of the JSON data
JavaScript error: https://pxdrop.lijit.com/a/t_.htm?ver=1.1004.493&cid=c026, line 1: SyntaxError: JSON.parse: expected ':' after property name in object at line 1 column 6 of the JSON data
JavaScript error: https://pxdrop.lijit.com/a/t_.htm?ver=1.1004.493&cid=c026, line 1: SyntaxError: JSON.parse: expected ':' after property name in object at line 1 column 6 of the JSON data
JavaScript error: https://pxdrop.lijit.com/a/t_.htm?ver=1.1004.493&cid=c026, line 1: SyntaxError: JSON.parse: expected ':' after property name in object at line 1 column 6 of the JSON data
JavaScript error: https://pxdrop.lijit.com/a/t_.htm?ver=1.1004.493&cid=c026, line 1: SyntaxError: JSON.parse: expected ':' after property name in object at line 1 column 6 of the JSON data
JavaScript error: https://pxdrop.lijit.com/a/t_.htm?ver=1.1004.493&cid=c026, line 1: SyntaxError: JSON.parse: expected ':' after property name in object at line 1 column 6 of the JSON data
JavaScript error: https://pxdrop.lijit.com/a/t_.htm?ver=1.1004.493&cid=c026, line 1: SyntaxError: JSON.parse: expected ':' after property name in object at line 1 column 6 of the JSON data
JavaScript error: https://pxdrop.lijit.com/a/t_.htm?ver=1.1004.493&cid=c026, line 1: SyntaxError: JSON.parse: expected ':' after property name in object at line 1 column 6 of the JSON data
JavaScript error: https://pxdrop.lijit.com/a/t_.htm?ver=1.1004.493&cid=c026, line 1: SyntaxError: JSON.parse: expected ':' after property name in object at line 1 column 6 of the JSON data
JavaScript error: https://pxdrop.lijit.com/a/t_.htm?ver=1.1004.493&cid=c026, line 1: SyntaxError: JSON.parse: expected ':' after property name in object at line 1 column 6 of the JSON data
JavaScript error: https://pxdrop.lijit.com/a/t_.htm?ver=1.1004.493&cid=c026, line 1: SyntaxError: JSON.parse: expected ':' after property name in object at line 1 column 6 of the JSON data
JavaScript error: https://pxdrop.lijit.com/a/t_.htm?ver=1.1004.493&cid=c026, line 1: SyntaxError: JSON.parse: expected ':' after property name in object at line 1 column 6 of the JSON data
JavaScript error: https://pxdrop.lijit.com/a/t_.htm?ver=1.1004.493&cid=c026, line 1: SyntaxError: JSON.parse: expected ':' after property name in object at line 1 column 6 of the JSON data
JavaScript error: https://pxdrop.lijit.com/a/t_.htm?ver=1.1004.493&cid=c026, line 1: SyntaxError: JSON.parse: expected ':' after property name in object at line 1 column 6 of the JSON data
JavaScript error: https://pxdrop.lijit.com/a/t_.htm?ver=1.1004.493&cid=c026, line 1: SyntaxError: JSON.parse: expected ':' after property name in object at line 1 column 6 of the JSON data
JavaScript error: https://pxdrop.lijit.com/a/t_.htm?ver=1.1004.493&cid=c026, line 1: SyntaxError: JSON.parse: expected ':' after property name in object at line 1 column 6 of the JSON data
JavaScript error: https://pxdrop.lijit.com/a/t_.htm?ver=1.1004.493&cid=c026, line 1: SyntaxError: JSON.parse: expected ':' after property name in object at line 1 column 6 of the JSON data
JavaScript error: https://pxdrop.lijit.com/a/t_.htm?ver=1.1004.493&cid=c026, line 1: SyntaxError: JSON.parse: expected ':' after property name in object at line 1 column 6 of the JSON data
JavaScript error: https://pxdrop.lijit.com/a/t_.htm?ver=1.1004.493&cid=c026, line 1: SyntaxError: JSON.parse: expected ':' after property name in object at line 1 column 6 of the JSON data
JavaScript error: https://pxdrop.lijit.com/a/t_.htm?ver=1.1004.493&cid=c026, line 1: SyntaxError: JSON.parse: expected ':' after property name in object at line 1 column 6 of the JSON data
JavaScript error: https://pxdrop.lijit.com/a/t_.htm?ver=1.1004.493&cid=c026, line 1: SyntaxError: JSON.parse: expected ':' after property name in object at line 1 column 6 of the JSON data
JavaScript error: https://pxdrop.lijit.com/a/t_.htm?ver=1.1004.493&cid=c026, line 1: SyntaxError: JSON.parse: expected ':' after property name in object at line 1 column 6 of the JSON data
JavaScript error: https://pxdrop.lijit.com/a/t_.htm?ver=1.1004.493&cid=c026, line 1: SyntaxError: JSON.parse: expected ':' after property name in object at line 1 column 6 of the JSON data
JavaScript error: https://pxdrop.lijit.com/a/t_.htm?ver=1.1004.493&cid=c026, line 1: SyntaxError: JSON.parse: expected ':' after property name in object at line 1 column 6 of the JSON data
JavaScript warning: https://cdn.js7k.com/rq/iv/inside-20.js, line 1: WEBGL_debug_renderer_info is deprecated in Firefox and will be removed. Please use RENDERER.
JavaScript error: https://pxdrop.lijit.com/1.1004.493/a/US/CA/t_.js?cid=c026#dmn=fangraphs.com&GDPR_v2=&pubid=BidstreamMedia&tt=t.dhj&cid=c026&lbl=lijit&flbl=pxcel&ll=d&ver=1.1004.493&ell=d&cck=ljt_reader&pn=%2Froster-resource%2Fdepth-charts%2Forioles&qs=na&cc=US&cont=NA&rc=CA&ipaddr=&htmReqTime=1658210545721, line 2: NS_ERROR_UNEXPECTED: 
1658211406096	Marionette	INFO	Stopped listening on port 60546
JavaScript error: , line 0: TypeError: NetworkError when attempting to fetch resource.
JavaScript error: https://pxdrop.lijit.com/1.1004.493/a/US/CA/t_.js?cid=c026#dmn=fangraphs.com&GDPR_v2=&pubid=BidstreamMedia&tt=t.dhj&cid=c026&lbl=lijit&flbl=pxcel&ll=d&ver=1.1004.493&ell=d&cck=ljt_reader&pn=%2Froster-resource%2Fdepth-charts%2Forioles&qs=na&cc=US&cont=NA&rc=CA&ipaddr=&htmReqTime=1658210545721, line 2: NS_ERROR_UNEXPECTED: 
JavaScript error: , line 0: TypeError: NetworkError when attempting to fetch resource.
JavaScript error: , line 0: TypeError: NetworkError when attempting to fetch resource.
JavaScript error: , line 0: TypeError: NetworkError when attempting to fetch resource.
JavaScript error: , line 0: TypeError: NetworkError when attempting to fetch resource.
JavaScript error: , line 0: TypeError: NetworkError when attempting to fetch resource.
JavaScript warning: https://cdn.js7k.com/rq/iv/inside.js, line 1: WEBGL_debug_renderer_info is deprecated in Firefox and will be removed. Please use RENDERER.
[Parent 24892, IPC I/O Parent] WARNING: file /builds/worker/checkouts/gecko/ipc/chromium/src/base/process_util_win.cc:167
[Parent 24892, IPC I/O Parent] WARNING: file /builds/worker/checkouts/gecko/ipc/chromium/src/base/process_util_win.cc:167
[Parent 24892, IPC I/O Parent] WARNING: file /builds/worker/checkouts/gecko/ipc/chromium/src/base/process_util_win.cc:167
[Parent 24892, IPC I/O Parent] WARNING: file /builds/worker/checkouts/gecko/ipc/chromium/src/base/process_util_win.cc:167
[Parent 24892, IPC I/O Parent] WARNING: file /builds/worker/checkouts/gecko/ipc/chromium/src/base/process_util_win.cc:167
[Parent 24892, IPC I/O Parent] WARNING: file /builds/worker/checkouts/gecko/ipc/chromium/src/base/process_util_win.cc:167
[Parent 24892, IPC I/O Parent] WARNING: file /builds/worker/checkouts/gecko/ipc/chromium/src/base/process_util_win.cc:167
[Parent 24892, IPC I/O Parent] WARNING: file /builds/worker/checkouts/gecko/ipc/chromium/src/base/process_util_win.cc:167
[Parent 24892, IPC I/O Parent] WARNING: file /builds/worker/checkouts/gecko/ipc/chromium/src/base/process_util_win.cc:167
[Parent 24892, IPC I/O Parent] WARNING: file /builds/worker/checkouts/gecko/ipc/chromium/src/base/process_util_win.cc:167
[Parent 24892, IPC I/O Parent] WARNING: file /builds/worker/checkouts/gecko/ipc/chromium/src/base/process_util_win.cc:167
[Parent 24892, IPC I/O Parent] WARNING: file /builds/worker/checkouts/gecko/ipc/chromium/src/base/process_util_win.cc:167
[Parent 24892, IPC I/O Parent] WARNING: file /builds/worker/checkouts/gecko/ipc/chromium/src/base/process_util_win.cc:167
[Parent 24892, IPC I/O Parent] WARNING: file /builds/worker/checkouts/gecko/ipc/chromium/src/base/process_util_win.cc:167
JavaScript warning: https://cdn.js7k.com/rq/iv/inside.js, line 1: WEBGL_debug_renderer_info is deprecated in Firefox and will be removed. Please use RENDERER.
[Parent 24892, IPC I/O Parent] WARNING: file /builds/worker/checkouts/gecko/ipc/chromium/src/base/process_util_win.cc:167
[Parent 24892, IPC I/O Parent] WARNING: file /builds/worker/checkouts/gecko/ipc/chromium/src/base/process_util_win.cc:167
[Parent 24892, IPC I/O Parent] WARNING: file /builds/worker/checkouts/gecko/ipc/chromium/src/base/process_util_win.cc:167
[Parent 24892, IPC I/O Parent] WARNING: file /builds/worker/checkouts/gecko/ipc/chromium/src/base/process_util_win.cc:167
JavaScript error: , line 0: TypeError: NetworkError when attempting to fetch resource.
JavaScript error: , line 0: TypeError: NetworkError when attempting to fetch resource.
JavaScript error: , line 0: TypeError: NetworkError when attempting to fetch resource.
JavaScript error: , line 0: TypeError: NetworkError when attempting to fetch resource.
JavaScript error: , line 0: TypeError: NetworkError when attempting to fetch resource.
[Parent 24892, IPC I/O Parent] WARNING: file /builds/worker/checkouts/gecko/ipc/chromium/src/base/process_util_win.cc:167
JavaScript error: , line 0: TypeError: NetworkError when attempting to fetch resource.
[Parent 24892, IPC I/O Parent] WARNING: file /builds/worker/checkouts/gecko/ipc/chromium/src/base/process_util_win.cc:167
[Parent 24892, IPC I/O Parent] WARNING: file /builds/worker/checkouts/gecko/ipc/chromium/src/base/process_util_win.cc:167
[Parent 24892, IPC I/O Parent] WARNING: file /builds/worker/checkouts/gecko/ipc/chromium/src/base/process_util_win.cc:167
[Parent 24892, IPC I/O Parent] WARNING: file /builds/worker/checkouts/gecko/ipc/chromium/src/base/process_util_win.cc:167
